[01m[K/home/sangjun/camel-amr-projects-V1/src/amr-main-pkg/src/simulmain/simul_main.cpp:[m[K In constructor â€˜[01m[KParkingNode::ParkingNode()[m[Kâ€™:
[01m[K/home/sangjun/camel-amr-projects-V1/src/amr-main-pkg/src/simulmain/simul_main.cpp:9:13:[m[K [01;31m[Kerror: [m[Kâ€˜[01m[Kcoordinate[m[Kâ€™ {aka â€˜[01m[Kstruct std::pair<int, int>[m[Kâ€™} has no member named â€˜[01m[Kpush[m[Kâ€™
    9 |     mapsize.[01;31m[Kpush[m[K(std::make_pair(10,10));
      |             [01;31m[K^~~~[m[K
[01m[K/home/sangjun/camel-amr-projects-V1/src/amr-main-pkg/src/simulmain/simul_main.cpp:10:17:[m[K [01;31m[Kerror: [m[Kâ€˜[01m[Kcoordinate[m[Kâ€™ {aka â€˜[01m[Kstruct std::pair<int, int>[m[Kâ€™} has no member named â€˜[01m[Kpush[m[Kâ€™
   10 |     start_point.[01;31m[Kpush[m[K(std::make_pair(1,1));
      |                 [01;31m[K^~~~[m[K
[01m[K/home/sangjun/camel-amr-projects-V1/src/amr-main-pkg/src/simulmain/simul_main.cpp:11:15:[m[K [01;31m[Kerror: [m[Kâ€˜[01m[Kcoordinate[m[Kâ€™ {aka â€˜[01m[Kstruct std::pair<int, int>[m[Kâ€™} has no member named â€˜[01m[Kpush[m[Kâ€™
   11 |     end_point.[01;31m[Kpush[m[K(std::make_pair(1,1));
      |               [01;31m[K^~~~[m[K
[01m[K/home/sangjun/camel-amr-projects-V1/src/amr-main-pkg/src/simulmain/simul_main.cpp:[m[K In member function â€˜[01m[Kvoid ParkingNode::sub_callback(sensor_msgs::msg::LaserScan_<std::allocator<void> >::SharedPtr)[m[Kâ€™:
[01m[K/home/sangjun/camel-amr-projects-V1/src/amr-main-pkg/src/simulmain/simul_main.cpp:18:59:[m[K [01;35m[Kwarning: [m[Kunused parameter â€˜[01m[Kmsg[m[Kâ€™ [[01;35m[K-Wunused-parameter[m[K]
   18 | sub_callback([01;35m[Kconst LaserScan::SharedPtr msg[m[K)
      |              [01;35m[K~~~~~~~~~~~~~~~~~~~~~~~~~~~^~~[m[K

make[2]: *** [CMakeFiles/simulmain.dir/build.make:76: CMakeFiles/simulmain.dir/src/simulmain/simul_main.cpp.o] Error 1
make[1]: *** [CMakeFiles/Makefile2:87: CMakeFiles/simulmain.dir/all] Error 2
make: *** [Makefile:146: all] Error 2
