[0.012s] Invoking command in '/home/sangjun/camel-amr-projects-V1/build/amr-main-pkg': CMAKE_PREFIX_PATH=/home/sangjun/camel-amr-projects-V1/install/amr_msg_interfaces:/home/sangjun/camel-amr-projects-V1/install/amr-main-pkg:/home/sangjun/camel-amr-projects-V1/install/amr-obstacle-pkg:/home/sangjun/camel-amr-projects-V1/install/amr-gazebo-pkg:/opt/ros/foxy:/home/sangjun/catkin_ws/devel:/opt/ros/noetic /usr/local/bin/cmake --build /home/sangjun/camel-amr-projects-V1/build/amr-main-pkg -- -j6 -l6
[0.029s] [35m[1mConsolidate compiler generated dependencies of target simulmain[0m
[0.034s] [ 50%] Built target astar_lib
[0.040s] [ 75%] [32mBuilding CXX object CMakeFiles/simulmain.dir/src/simulmain/simul_main.cpp.o[0m
[1.174s] [01m[K/home/sangjun/camel-amr-projects-V1/src/amr-main-pkg/src/simulmain/simul_main.cpp:[m[K In constructor â€˜[01m[KParkingNode::ParkingNode()[m[Kâ€™:
[1.174s] [01m[K/home/sangjun/camel-amr-projects-V1/src/amr-main-pkg/src/simulmain/simul_main.cpp:9:13:[m[K [01;31m[Kerror: [m[Kâ€˜[01m[Kcoordinate[m[Kâ€™ {aka â€˜[01m[Kstruct std::pair<int, int>[m[Kâ€™} has no member named â€˜[01m[Kpush[m[Kâ€™
[1.175s]     9 |     mapsize.[01;31m[Kpush[m[K(std::make_pair(10,10));
[1.175s]       |             [01;31m[K^~~~[m[K
[1.175s] [01m[K/home/sangjun/camel-amr-projects-V1/src/amr-main-pkg/src/simulmain/simul_main.cpp:10:17:[m[K [01;31m[Kerror: [m[Kâ€˜[01m[Kcoordinate[m[Kâ€™ {aka â€˜[01m[Kstruct std::pair<int, int>[m[Kâ€™} has no member named â€˜[01m[Kpush[m[Kâ€™
[1.175s]    10 |     start_point.[01;31m[Kpush[m[K(std::make_pair(1,1));
[1.175s]       |                 [01;31m[K^~~~[m[K
[1.175s] [01m[K/home/sangjun/camel-amr-projects-V1/src/amr-main-pkg/src/simulmain/simul_main.cpp:11:15:[m[K [01;31m[Kerror: [m[Kâ€˜[01m[Kcoordinate[m[Kâ€™ {aka â€˜[01m[Kstruct std::pair<int, int>[m[Kâ€™} has no member named â€˜[01m[Kpush[m[Kâ€™
[1.175s]    11 |     end_point.[01;31m[Kpush[m[K(std::make_pair(1,1));
[1.175s]       |               [01;31m[K^~~~[m[K
[1.184s] [01m[K/home/sangjun/camel-amr-projects-V1/src/amr-main-pkg/src/simulmain/simul_main.cpp:[m[K In member function â€˜[01m[Kvoid ParkingNode::sub_callback(sensor_msgs::msg::LaserScan_<std::allocator<void> >::SharedPtr)[m[Kâ€™:
[1.184s] [01m[K/home/sangjun/camel-amr-projects-V1/src/amr-main-pkg/src/simulmain/simul_main.cpp:18:59:[m[K [01;35m[Kwarning: [m[Kunused parameter â€˜[01m[Kmsg[m[Kâ€™ [[01;35m[K-Wunused-parameter[m[K]
[1.184s]    18 | void ParkingNode::sub_callback([01;35m[Kconst LaserScan::SharedPtr msg[m[K)
[1.184s]       |                                [01;35m[K~~~~~~~~~~~~~~~~~~~~~~~~~~~^~~[m[K
[2.215s] make[2]: *** [CMakeFiles/simulmain.dir/build.make:76: CMakeFiles/simulmain.dir/src/simulmain/simul_main.cpp.o] Error 1
[2.215s] make[1]: *** [CMakeFiles/Makefile2:87: CMakeFiles/simulmain.dir/all] Error 2
[2.215s] make: *** [Makefile:146: all] Error 2
[2.216s] Invoked command in '/home/sangjun/camel-amr-projects-V1/build/amr-main-pkg' returned '2': CMAKE_PREFIX_PATH=/home/sangjun/camel-amr-projects-V1/install/amr_msg_interfaces:/home/sangjun/camel-amr-projects-V1/install/amr-main-pkg:/home/sangjun/camel-amr-projects-V1/install/amr-obstacle-pkg:/home/sangjun/camel-amr-projects-V1/install/amr-gazebo-pkg:/opt/ros/foxy:/home/sangjun/catkin_ws/devel:/opt/ros/noetic /usr/local/bin/cmake --build /home/sangjun/camel-amr-projects-V1/build/amr-main-pkg -- -j6 -l6
