[0.012s] Invoking command in '/home/percy/camel-amr-projects/build/amr-main-pkg': CMAKE_PREFIX_PATH=/home/percy/camel-amr-projects/install/amr_msg_interfaces:/home/percy/camel-amr-projects/install/amr-main-pkg:/home/percy/camel-amr-projects/install/amr-obstacle-pkg:/home/percy/camel-amr-projects/install/amr-gazebo-pkg:/opt/ros/foxy LD_LIBRARY_PATH=/home/percy/camel-amr-projects/install/amr_msg_interfaces/lib:/usr/lib/x86_64-linux-gnu/gazebo-11/plugins:/opt/ros/foxy/opt/yaml_cpp_vendor/lib:/opt/ros/foxy/opt/rviz_ogre_vendor/lib:/opt/ros/foxy/lib/x86_64-linux-gnu:/opt/ros/foxy/lib:home/percy/raisimLib/install/lib PYTHONPATH=/home/percy/camel-amr-projects/install/amr_msg_interfaces/lib/python3.8/site-packages:/opt/ros/foxy/lib/python3.8/site-packages:home/percy/raisimLib/install/lib /usr/local/bin/cmake --build /home/percy/camel-amr-projects/build/amr-main-pkg -- -j6 -l6
[0.035s] [  3%] [34m[1mAutomatic MOC and UIC for target astar_lib[0m
[0.036s] [  7%] [34m[1mAutomatic MOC and UIC for target obsDetection_lib[0m
[0.036s] [ 11%] [34m[1mAutomatic MOC and UIC for target dynamicObstacle_lib[0m
[0.037s] [ 15%] [34m[1mAutomatic MOC and UIC for target visualize_lib[0m
[0.047s] [ 19%] [34m[1mAutomatic MOC and UIC for target clusteringDynamicObs_lib[0m
[0.047s] [ 19%] Built target visualize_lib_autogen
[0.049s] [ 19%] Built target obsDetection_lib_autogen
[0.055s] [ 19%] Built target dynamicObstacle_lib_autogen
[0.056s] [ 19%] Built target astar_lib_autogen
[0.057s] [ 30%] Built target visualize_lib
[0.057s] [ 30%] Built target clusteringDynamicObs_lib_autogen
[0.059s] [ 42%] Built target obsDetection_lib
[0.064s] [ 53%] Built target dynamicObstacle_lib
[0.065s] [ 65%] Built target astar_lib
[0.065s] [ 76%] Built target clusteringDynamicObs_lib
[0.071s] [ 80%] [34m[1mAutomatic MOC and UIC for target simulmain[0m
[0.079s] [ 80%] Built target simulmain_autogen
[0.102s] [ 84%] [32mBuilding CXX object CMakeFiles/simulmain.dir/src/simulmain/simul_main.cpp.o[0m
[1.752s] [01m[K/home/percy/camel-amr-projects/src/amr-main-pkg/src/simulmain/simul_main.cpp:113:36:[m[K [01;31m[Kerror: [m[Kinvalid use of incomplete type â€˜[01m[Kclass QThread[m[Kâ€™
[1.752s]   113 | class CommunicationThread : public [01;31m[KQThread[m[K
[1.752s]       |                                    [01;31m[K^~~~~~~[m[K
[1.752s] In file included from [01m[K/usr/include/x86_64-linux-gnu/qt5/QtWidgets/qwidget.h:45[m[K,
[1.752s]                  from [01m[K/usr/include/x86_64-linux-gnu/qt5/QtWidgets/qmainwindow.h:44[m[K,
[1.752s]                  from [01m[K/usr/include/x86_64-linux-gnu/qt5/QtWidgets/QMainWindow:1[m[K,
[1.753s]                  from [01m[K/home/percy/camel-amr-projects/src/amr-main-pkg/src/simulmain/mainwindow.h:4[m[K,
[1.753s]                  from [01m[K/home/percy/camel-amr-projects/src/amr-main-pkg/src/simulmain/simul_main.cpp:5[m[K:
[1.753s] [01m[K/usr/include/x86_64-linux-gnu/qt5/QtCore/qobject.h:72:7:[m[K [01;36m[Knote: [m[Kforward declaration of â€˜[01m[Kclass QThread[m[Kâ€™
[1.753s]    72 | class [01;36m[KQThread[m[K;
[1.753s]       |       [01;36m[K^~~~~~~[m[K
[1.753s] [01m[K/home/percy/camel-amr-projects/src/amr-main-pkg/src/simulmain/simul_main.cpp:116:10:[m[K [01;31m[Kerror: [m[Kâ€˜[01m[Kvoid CommunicationThread::run()[m[Kâ€™ marked â€˜[01m[Koverride[m[Kâ€™, but does not override
[1.753s]   116 |     void [01;31m[Krun[m[K() override
[1.753s]       |          [01;31m[K^~~[m[K
[1.754s] [01m[K/home/percy/camel-amr-projects/src/amr-main-pkg/src/simulmain/simul_main.cpp:[m[K In member function â€˜[01m[Kvoid CommunicationThread::run()[m[Kâ€™:
[1.754s] [01m[K/home/percy/camel-amr-projects/src/amr-main-pkg/src/simulmain/simul_main.cpp:118:22:[m[K [01;31m[Kerror: [m[Kâ€˜[01m[Kargc[m[Kâ€™ was not declared in this scope
[1.754s]   118 |         rclcpp::init([01;31m[Kargc[m[K, argv);
[1.754s]       |                      [01;31m[K^~~~[m[K
[1.755s] [01m[K/home/percy/camel-amr-projects/src/amr-main-pkg/src/simulmain/simul_main.cpp:118:28:[m[K [01;31m[Kerror: [m[Kâ€˜[01m[Kargv[m[Kâ€™ was not declared in this scope
[1.755s]   118 |         rclcpp::init(argc, [01;31m[Kargv[m[K);
[1.755s]       |                            [01;31m[K^~~~[m[K
[1.758s] [01m[K/home/percy/camel-amr-projects/src/amr-main-pkg/src/simulmain/simul_main.cpp:[m[K In function â€˜[01m[Kint main(int, char**)[m[Kâ€™:
[1.758s] [01m[K/home/percy/camel-amr-projects/src/amr-main-pkg/src/simulmain/simul_main.cpp:130:25:[m[K [01;31m[Kerror: [m[Kâ€˜[01m[Kclass CommunicationThread[m[Kâ€™ has no member named â€˜[01m[Kstart[m[Kâ€™
[1.758s]   130 |     communicationThread.[01;31m[Kstart[m[K();
[1.758s]       |                         [01;31m[K^~~~~[m[K
[3.436s] make[2]: *** [CMakeFiles/simulmain.dir/build.make:90: CMakeFiles/simulmain.dir/src/simulmain/simul_main.cpp.o] Error 1
[3.437s] make[1]: *** [CMakeFiles/Makefile2:288: CMakeFiles/simulmain.dir/all] Error 2
[3.437s] make: *** [Makefile:146: all] Error 2
[3.438s] Invoked command in '/home/percy/camel-amr-projects/build/amr-main-pkg' returned '2': CMAKE_PREFIX_PATH=/home/percy/camel-amr-projects/install/amr_msg_interfaces:/home/percy/camel-amr-projects/install/amr-main-pkg:/home/percy/camel-amr-projects/install/amr-obstacle-pkg:/home/percy/camel-amr-projects/install/amr-gazebo-pkg:/opt/ros/foxy LD_LIBRARY_PATH=/home/percy/camel-amr-projects/install/amr_msg_interfaces/lib:/usr/lib/x86_64-linux-gnu/gazebo-11/plugins:/opt/ros/foxy/opt/yaml_cpp_vendor/lib:/opt/ros/foxy/opt/rviz_ogre_vendor/lib:/opt/ros/foxy/lib/x86_64-linux-gnu:/opt/ros/foxy/lib:home/percy/raisimLib/install/lib PYTHONPATH=/home/percy/camel-amr-projects/install/amr_msg_interfaces/lib/python3.8/site-packages:/opt/ros/foxy/lib/python3.8/site-packages:home/percy/raisimLib/install/lib /usr/local/bin/cmake --build /home/percy/camel-amr-projects/build/amr-main-pkg -- -j6 -l6
