[01m[K/home/sangjun/camel-amr-projects-V1/src/amr-main-pkg/src/astar/Astar.cpp:[m[K In member function â€˜[01m[Kvoid Astar_planning::tracePath(Cell (*)[101], Pair)[m[Kâ€™:
[01m[K/home/sangjun/camel-amr-projects-V1/src/amr-main-pkg/src/astar/Astar.cpp:75:26:[m[K [01;31m[Kerror: [m[Kinvalid use of void expression
   75 |         traj.push(s.pop()[01;31m[K)[m[K;
      |                          [01;31m[K^[m[K
make[2]: *** [CMakeFiles/astar_lib.dir/build.make:76: CMakeFiles/astar_lib.dir/src/astar/Astar.cpp.o] Error 1
make[1]: *** [CMakeFiles/Makefile2:145: CMakeFiles/astar_lib.dir/all] Error 2
make: *** [Makefile:146: all] Error 2
