[0.012s] Invoking command in '/home/sangjun/camel-amr-projects-V1/build/amr-main-pkg': CMAKE_PREFIX_PATH=/home/sangjun/camel-amr-projects-V1/install/amr_msg_interfaces:/home/sangjun/camel-amr-projects-V1/install/amr-main-pkg:/home/sangjun/camel-amr-projects-V1/install/amr-obstacle-pkg:/home/sangjun/camel-amr-projects-V1/install/amr-gazebo-pkg:/opt/ros/foxy:/home/sangjun/catkin_ws/devel:/opt/ros/noetic LD_LIBRARY_PATH=/home/sangjun/camel-amr-projects-V1/install/amr_msg_interfaces/lib:/usr/lib/x86_64-linux-gnu/gazebo-11/plugins:/opt/ros/foxy/opt/yaml_cpp_vendor/lib:/opt/ros/foxy/opt/rviz_ogre_vendor/lib:/opt/ros/foxy/lib/x86_64-linux-gnu:/opt/ros/foxy/lib:/home/sangjun/catkin_ws/devel/lib:/opt/ros/noetic/lib:home/user/raisimLib/install/lib PYTHONPATH=/home/sangjun/camel-amr-projects-V1/install/amr_msg_interfaces/lib/python3.8/site-packages:/opt/ros/foxy/lib/python3.8/site-packages:/opt/ros/noetic/lib/python3/dist-packages:home/user/raisimLib/install/lib /usr/local/bin/cmake --build /home/sangjun/camel-amr-projects-V1/build/amr-main-pkg -- -j6 -l6
[0.026s] [35m[1mConsolidate compiler generated dependencies of target astar_lib[0m
[0.030s] [ 20%] Built target dynamicObstacle_lib
[0.031s] [ 40%] Built target obsDetection_lib
[0.032s] [ 50%] [32mBuilding CXX object CMakeFiles/astar_lib.dir/src/astar/Astar.cpp.o[0m
[0.034s] [ 70%] Built target visualize_lib
[0.261s] [01m[K/home/sangjun/camel-amr-projects-V1/src/amr-main-pkg/src/astar/Astar.cpp:[m[K In member function â€˜[01m[Kvoid Astar_planning::tracePath(Cell (*)[101], Pair)[m[Kâ€™:
[0.261s] [01m[K/home/sangjun/camel-amr-projects-V1/src/amr-main-pkg/src/astar/Astar.cpp:75:26:[m[K [01;31m[Kerror: [m[Kinvalid use of void expression
[0.261s]    75 |         traj.push(s.pop()[01;31m[K)[m[K;
[0.261s]       |                          [01;31m[K^[m[K
[0.336s] make[2]: *** [CMakeFiles/astar_lib.dir/build.make:76: CMakeFiles/astar_lib.dir/src/astar/Astar.cpp.o] Error 1
[0.336s] make[1]: *** [CMakeFiles/Makefile2:145: CMakeFiles/astar_lib.dir/all] Error 2
[0.336s] make: *** [Makefile:146: all] Error 2
[0.338s] Invoked command in '/home/sangjun/camel-amr-projects-V1/build/amr-main-pkg' returned '2': CMAKE_PREFIX_PATH=/home/sangjun/camel-amr-projects-V1/install/amr_msg_interfaces:/home/sangjun/camel-amr-projects-V1/install/amr-main-pkg:/home/sangjun/camel-amr-projects-V1/install/amr-obstacle-pkg:/home/sangjun/camel-amr-projects-V1/install/amr-gazebo-pkg:/opt/ros/foxy:/home/sangjun/catkin_ws/devel:/opt/ros/noetic LD_LIBRARY_PATH=/home/sangjun/camel-amr-projects-V1/install/amr_msg_interfaces/lib:/usr/lib/x86_64-linux-gnu/gazebo-11/plugins:/opt/ros/foxy/opt/yaml_cpp_vendor/lib:/opt/ros/foxy/opt/rviz_ogre_vendor/lib:/opt/ros/foxy/lib/x86_64-linux-gnu:/opt/ros/foxy/lib:/home/sangjun/catkin_ws/devel/lib:/opt/ros/noetic/lib:home/user/raisimLib/install/lib PYTHONPATH=/home/sangjun/camel-amr-projects-V1/install/amr_msg_interfaces/lib/python3.8/site-packages:/opt/ros/foxy/lib/python3.8/site-packages:/opt/ros/noetic/lib/python3/dist-packages:home/user/raisimLib/install/lib /usr/local/bin/cmake --build /home/sangjun/camel-amr-projects-V1/build/amr-main-pkg -- -j6 -l6
