[0.012s] Invoking command in '/home/sangjun/camel-amr-projects-V1/build/amr-main-pkg': CMAKE_PREFIX_PATH=/home/sangjun/camel-amr-projects-V1/install/amr_msg_interfaces:/home/sangjun/camel-amr-projects-V1/install/amr-main-pkg:/home/sangjun/camel-amr-projects-V1/install/amr-obstacle-pkg:/home/sangjun/camel-amr-projects-V1/install/amr-gazebo-pkg:/opt/ros/foxy:/home/sangjun/catkin_ws/devel:/opt/ros/noetic /usr/local/bin/cmake --build /home/sangjun/camel-amr-projects-V1/build/amr-main-pkg -- -j6 -l6
[0.035s] [35m[1mConsolidate compiler generated dependencies of target simulmain[0m
[0.047s] [ 33%] [32mBuilding CXX object CMakeFiles/simulmain.dir/src/astar/astar.cpp.o[0m
[0.947s] [01m[K/home/sangjun/camel-amr-projects-V1/src/amr-main-pkg/src/astar/astar.cpp:[m[K In member function â€˜[01m[Kvoid Astar_planning::sub_callback(sensor_msgs::msg::LaserScan_<std::allocator<void> >::SharedPtr)[m[Kâ€™:
[0.947s] [01m[K/home/sangjun/camel-amr-projects-V1/src/amr-main-pkg/src/astar/astar.cpp:18:62:[m[K [01;35m[Kwarning: [m[Kunused parameter â€˜[01m[Kmsg[m[Kâ€™ [[01;35m[K-Wunused-parameter[m[K]
[0.947s]    18 | void Astar_planning::sub_callback([01;35m[Kconst LaserScan::SharedPtr msg[m[K)
[0.948s]       |                                   [01;35m[K~~~~~~~~~~~~~~~~~~~~~~~~~~~^~~[m[K
[0.949s] [01m[K/home/sangjun/camel-amr-projects-V1/src/amr-main-pkg/src/astar/astar.cpp:[m[K In function â€˜[01m[Kint main(int, char**)[m[Kâ€™:
[0.949s] [01m[K/home/sangjun/camel-amr-projects-V1/src/amr-main-pkg/src/astar/astar.cpp:26:42:[m[K [01;31m[Kerror: [m[Kâ€˜[01m[KParkingNode[m[Kâ€™ was not declared in this scope; did you mean â€˜[01m[Kparking_node[m[Kâ€™?
[0.949s]    26 |     auto parking_node = std::make_shared<[01;31m[KParkingNode[m[K>();
[0.949s]       |                                          [01;31m[K^~~~~~~~~~~[m[K
[0.949s]       |                                          [32m[Kparking_node[m[K
[0.949s] [01m[K/home/sangjun/camel-amr-projects-V1/src/amr-main-pkg/src/astar/astar.cpp:26:55:[m[K [01;31m[Kerror: [m[Kno matching function for call to â€˜[01m[Kmake_shared<<expression error> >()[m[Kâ€™
[0.949s]    26 |     auto parking_node = std::make_shared<ParkingNode>([01;31m[K)[m[K;
[0.949s]       |                                                       [01;31m[K^[m[K
[0.949s] In file included from [01m[K/usr/include/c++/9/memory:81[m[K,
[0.949s]                  from [01m[K/opt/ros/foxy/include/rclcpp/rclcpp.hpp:144[m[K,
[0.950s]                  from [01m[K/home/sangjun/camel-amr-projects-V1/src/amr-main-pkg/include/astar/astar.hpp:18[m[K,
[0.950s]                  from [01m[K/home/sangjun/camel-amr-projects-V1/src/amr-main-pkg/src/astar/astar.cpp:4[m[K:
[0.950s] [01m[K/usr/include/c++/9/bits/shared_ptr.h:714:5:[m[K [01;36m[Knote: [m[Kcandidate: â€˜[01m[Ktemplate<class _Tp, class ... _Args> std::shared_ptr<_Tp> std::make_shared(_Args&& ...)[m[Kâ€™
[0.950s]   714 |     [01;36m[Kmake_shared[m[K(_Args&&... __args)
[0.950s]       |     [01;36m[K^~~~~~~~~~~[m[K
[0.950s] [01m[K/usr/include/c++/9/bits/shared_ptr.h:714:5:[m[K [01;36m[Knote: [m[K  template argument deduction/substitution failed:
[0.950s] [01m[K/home/sangjun/camel-amr-projects-V1/src/amr-main-pkg/src/astar/astar.cpp:26:55:[m[K [01;31m[Kerror: [m[Ktemplate argument 1 is invalid
[0.950s]    26 |     auto parking_node = std::make_shared<ParkingNode>([01;31m[K)[m[K;
[0.950s]       |                                                       [01;31m[K^[m[K
[1.995s] make[2]: *** [CMakeFiles/simulmain.dir/build.make:90: CMakeFiles/simulmain.dir/src/astar/astar.cpp.o] Error 1
[1.995s] make[1]: *** [CMakeFiles/Makefile2:85: CMakeFiles/simulmain.dir/all] Error 2
[1.995s] make: *** [Makefile:146: all] Error 2
[1.996s] Invoked command in '/home/sangjun/camel-amr-projects-V1/build/amr-main-pkg' returned '2': CMAKE_PREFIX_PATH=/home/sangjun/camel-amr-projects-V1/install/amr_msg_interfaces:/home/sangjun/camel-amr-projects-V1/install/amr-main-pkg:/home/sangjun/camel-amr-projects-V1/install/amr-obstacle-pkg:/home/sangjun/camel-amr-projects-V1/install/amr-gazebo-pkg:/opt/ros/foxy:/home/sangjun/catkin_ws/devel:/opt/ros/noetic /usr/local/bin/cmake --build /home/sangjun/camel-amr-projects-V1/build/amr-main-pkg -- -j6 -l6
