[01m[K/home/dongju/camel-amr-projects/src/amr-main-pkg/src/simulmain/simul_main.cpp:[m[K In member function â€˜[01m[Kvoid ParkingNode::odom_callback(nav_msgs::msg::Odometry_<std::allocator<void> >::SharedPtr)[m[Kâ€™:
[01m[K/home/dongju/camel-amr-projects/src/amr-main-pkg/src/simulmain/simul_main.cpp:74:10:[m[K [01;31m[Kerror: [m[Kâ€˜[01m[KupdateHeading[m[Kâ€™ was not declared in this scope; did you mean â€˜[01m[KgetHeading[m[Kâ€™?
   74 |     emit [01;31m[KupdateHeading[m[K(heading);
      |          [01;31m[K^~~~~~~~~~~~~[m[K
      |          [32m[KgetHeading[m[K
make[2]: *** [CMakeFiles/simulmain.dir/build.make:90: CMakeFiles/simulmain.dir/src/simulmain/simul_main.cpp.o] Error 1
make[1]: *** [CMakeFiles/Makefile2:288: CMakeFiles/simulmain.dir/all] Error 2
make: *** [Makefile:146: all] Error 2
