[ 19%] [34m[1mAutomatic MOC and UIC for target clusteringDynamicObs_lib[0m
[ 19%] [34m[1mAutomatic MOC and UIC for target astar_lib[0m
[ 19%] [34m[1mAutomatic MOC and UIC for target visualize_lib[0m
[ 19%] [34m[1mAutomatic MOC and UIC for target dynamicObstacle_lib[0m
[ 19%] [34m[1mAutomatic MOC and UIC for target obsDetection_lib[0m
[ 19%] Built target visualize_lib_autogen
[ 19%] Built target obsDetection_lib_autogen
[ 19%] Built target clusteringDynamicObs_lib_autogen
[ 19%] Built target astar_lib_autogen
[ 19%] Built target dynamicObstacle_lib_autogen
[ 42%] Built target astar_lib
[ 42%] Built target visualize_lib
[ 53%] Built target obsDetection_lib
[ 65%] Built target clusteringDynamicObs_lib
[ 76%] Built target dynamicObstacle_lib
[ 80%] [34m[1mAutomatic MOC and UIC for target simulmain[0m
[ 80%] Built target simulmain_autogen
[ 84%] [32mBuilding CXX object CMakeFiles/simulmain.dir/src/simulmain/simul_main.cpp.o[0m
[01m[K/home/dongju/camel-amr-projects/src/amr-main-pkg/src/simulmain/simul_main.cpp:[m[K In member function â€˜[01m[Kvoid ParkingNode::odom_callback(nav_msgs::msg::Odometry_<std::allocator<void> >::SharedPtr)[m[Kâ€™:
[01m[K/home/dongju/camel-amr-projects/src/amr-main-pkg/src/simulmain/simul_main.cpp:74:10:[m[K [01;31m[Kerror: [m[Kâ€˜[01m[KupdateHeading[m[Kâ€™ was not declared in this scope; did you mean â€˜[01m[KgetHeading[m[Kâ€™?
   74 |     emit [01;31m[KupdateHeading[m[K(heading);
      |          [01;31m[K^~~~~~~~~~~~~[m[K
      |          [32m[KgetHeading[m[K
make[2]: *** [CMakeFiles/simulmain.dir/build.make:90: CMakeFiles/simulmain.dir/src/simulmain/simul_main.cpp.o] Error 1
make[1]: *** [CMakeFiles/Makefile2:288: CMakeFiles/simulmain.dir/all] Error 2
make: *** [Makefile:146: all] Error 2
