[35m[1mConsolidate compiler generated dependencies of target astar_lib[0m
[ 20%] Built target visualize_lib
[ 30%] [32mBuilding CXX object CMakeFiles/astar_lib.dir/src/astar/Astar.cpp.o[0m
[ 50%] Built target dynamicObstacle_lib
[ 70%] Built target obsDetection_lib
[01m[K/home/sangjun/camel-amr-projects-V1/src/amr-main-pkg/src/astar/Astar.cpp:[m[K In member function â€˜[01m[Kvoid Astar_planning::PrintMap()[m[Kâ€™:
[01m[K/home/sangjun/camel-amr-projects-V1/src/amr-main-pkg/src/astar/Astar.cpp:180:26:[m[K [01;31m[Kerror: [m[Kâ€˜[01m[KClusteringMatrix[m[Kâ€™ was not declared in this scope
  180 |             std::cout << [01;31m[KClusteringMatrix[m[K[i][j];
      |                          [01;31m[K^~~~~~~~~~~~~~~~[m[K
[01m[K/home/sangjun/camel-amr-projects-V1/src/amr-main-pkg/src/astar/Astar.cpp:[m[K In member function â€˜[01m[Kvoid Astar_planning::startAstar(int, int)[m[Kâ€™:
[01m[K/home/sangjun/camel-amr-projects-V1/src/amr-main-pkg/src/astar/Astar.cpp:188:5:[m[K [01;31m[Kerror: [m[Kâ€˜[01m[KMapmatrix[m[Kâ€™ was not declared in this scope
  188 |     [01;31m[KMapmatrix[m[K[Startx][Starty] = 2;
      |     [01;31m[K^~~~~~~~~[m[K
[01m[K/home/sangjun/camel-amr-projects-V1/src/amr-main-pkg/src/astar/Astar.cpp:189:21:[m[K [01;31m[Kerror: [m[Kâ€˜[01m[Kcount[m[Kâ€™ was not declared in this scope
  189 |     Mapmatrix[Destx[[01;31m[Kcount[m[K]][Desty[count]] = 3;
      |                     [01;31m[K^~~~~[m[K
make[2]: *** [CMakeFiles/astar_lib.dir/build.make:76: CMakeFiles/astar_lib.dir/src/astar/Astar.cpp.o] Error 1
make[1]: *** [CMakeFiles/Makefile2:145: CMakeFiles/astar_lib.dir/all] Error 2
make: *** [Makefile:146: all] Error 2
