[35m[1mConsolidate compiler generated dependencies of target simulmain[0m
[ 33%] [32mBuilding CXX object CMakeFiles/simulmain.dir/src/astar/astar.cpp.o[0m
[01m[K/home/sangjun/camel-amr-projects-V1/src/amr-main-pkg/src/astar/astar.cpp:[m[K In member function â€˜[01m[Kvoid Astar_planning::sub_callback(sensor_msgs::msg::LaserScan_<std::allocator<void> >::SharedPtr)[m[Kâ€™:
[01m[K/home/sangjun/camel-amr-projects-V1/src/amr-main-pkg/src/astar/astar.cpp:18:62:[m[K [01;35m[Kwarning: [m[Kunused parameter â€˜[01m[Kmsg[m[Kâ€™ [[01;35m[K-Wunused-parameter[m[K]
   18 | void Astar_planning::sub_callback([01;35m[Kconst LaserScan::SharedPtr msg[m[K)
      |                                   [01;35m[K~~~~~~~~~~~~~~~~~~~~~~~~~~~^~~[m[K
[ 66%] [32m[1mLinking CXX executable simulmain[0m
/usr/bin/ld: CMakeFiles/simulmain.dir/src/astar/astar.cpp.o: in function `main':
astar.cpp:(.text+0x8b1): multiple definition of `main'; CMakeFiles/simulmain.dir/src/simulmain/simul_main.cpp.o:simul_main.cpp:(.text+0x726): first defined here
collect2: error: ld returned 1 exit status
make[2]: *** [CMakeFiles/simulmain.dir/build.make:180: simulmain] Error 1
make[1]: *** [CMakeFiles/Makefile2:85: CMakeFiles/simulmain.dir/all] Error 2
make: *** [Makefile:146: all] Error 2
