[0.009s] Invoking command in '/home/dongju/camel-amr-projects/build/amr-main-pkg': CMAKE_PREFIX_PATH=/home/dongju/camel-amr-projects/install/amr_msg_interfaces:/home/dongju/camel-amr-projects/install/amr-main-pkg:/home/dongju/camel-amr-projects/install/amr-obstacle-pkg:/home/dongju/camel-amr-projects/install/amr-gazebo-pkg:/opt/ros/foxy LD_LIBRARY_PATH=/home/dongju/camel-amr-projects/install/amr_msg_interfaces/lib:/usr/lib/x86_64-linux-gnu/gazebo-11/plugins:/opt/ros/foxy/opt/yaml_cpp_vendor/lib:/opt/ros/foxy/opt/rviz_ogre_vendor/lib:/opt/ros/foxy/lib/x86_64-linux-gnu:/opt/ros/foxy/lib:home/dongju/raisimLib/install/lib PYTHONPATH=/home/dongju/camel-amr-projects/install/amr_msg_interfaces/lib/python3.8/site-packages:/opt/ros/foxy/lib/python3.8/site-packages:home/dongju/raisimLib/install/lib /usr/local/bin/cmake --build /home/dongju/camel-amr-projects/build/amr-main-pkg -- -j10 -l10
[0.027s] -- Found ament_cmake: 0.9.12 (/opt/ros/foxy/share/ament_cmake/cmake)
[0.046s] -- Using PYTHON_EXECUTABLE: /usr/bin/python3
[0.189s] -- Override CMake install command with custom implementation using symlinks instead of copying resources
[0.208s] -- Found amr_msg_interfaces: 0.6.0 (/home/dongju/camel-amr-projects/install/amr_msg_interfaces/share/amr_msg_interfaces/cmake)
[0.230s] -- Using all available rosidl_typesupport_c: rosidl_typesupport_fastrtps_c;rosidl_typesupport_introspection_c
[0.234s] -- Found rosidl_adapter: 1.3.1 (/opt/ros/foxy/share/rosidl_adapter/cmake)
[0.340s] -- Using all available rosidl_typesupport_cpp: rosidl_typesupport_fastrtps_cpp;rosidl_typesupport_introspection_cpp
[0.376s] -- Found rclcpp: 2.4.3 (/opt/ros/foxy/share/rclcpp/cmake)
[0.416s] -- Found rmw_implementation_cmake: 1.0.4 (/opt/ros/foxy/share/rmw_implementation_cmake/cmake)
[0.419s] -- Using RMW implementation 'rmw_fastrtps_cpp' as default
[0.535s] -- Found sensor_msgs: 2.0.5 (/opt/ros/foxy/share/sensor_msgs/cmake)
[0.623s] -- Found nav_msgs: 2.0.5 (/opt/ros/foxy/share/nav_msgs/cmake)
[0.697s] -- Found ament_lint_auto: 0.9.8 (/opt/ros/foxy/share/ament_lint_auto/cmake)
[0.753s] -- Found ament_cmake_gtest: 0.9.12 (/opt/ros/foxy/share/ament_cmake_gtest/cmake)
[0.759s] -- Added test 'copyright' to check source files copyright and LICENSE
[0.761s] -- Added test 'cppcheck' to perform static code analysis on C / C++ code
[0.762s] -- Configured cppcheck include dirs: /home/dongju/camel-amr-projects/src/amr-main-pkg/include
[0.762s] -- Configured cppcheck exclude dirs and/or files: 
[0.764s] -- Added test 'cpplint' to check C / C++ code against the Google style
[0.764s] -- Configured cpplint exclude dirs and/or files: 
[0.765s] -- Added test 'lint_cmake' to check CMake code style
[0.766s] -- Added test 'uncrustify' to check C / C++ code style
[0.766s] -- Configured uncrustify additional arguments: 
[0.767s] -- Added test 'xmllint' to check XML markup files
[0.768s] -- Configuring done (0.8s)
[0.835s] -- Generating done (0.0s)
[0.837s] -- Build files have been written to: /home/dongju/camel-amr-projects/build/amr-main-pkg
[0.852s] [ 11%] [34m[1mAutomatic MOC and UIC for target astar_lib[0m
[0.852s] [ 11%] [34m[1mAutomatic MOC and UIC for target visualize_lib[0m
[0.852s] [ 15%] [34m[1mAutomatic MOC and UIC for target obsDetection_lib[0m
[0.852s] [ 15%] [34m[1mAutomatic MOC and UIC for target dynamicObstacle_lib[0m
[0.852s] [ 19%] [34m[1mAutomatic MOC and UIC for target clusteringDynamicObs_lib[0m
[0.858s] [ 19%] Built target obsDetection_lib_autogen
[0.858s] [ 19%] Built target visualize_lib_autogen
[0.858s] [ 19%] Built target astar_lib_autogen
[0.858s] [ 19%] Built target clusteringDynamicObs_lib_autogen
[0.858s] [ 19%] Built target dynamicObstacle_lib_autogen
[0.867s] [ 65%] Built target visualize_lib
[0.867s] [ 65%] Built target obsDetection_lib
[0.867s] [ 65%] Built target dynamicObstacle_lib
[0.867s] [ 65%] Built target astar_lib
[0.868s] [ 76%] Built target clusteringDynamicObs_lib
[0.873s] [ 80%] [34m[1mAutomatic MOC and UIC for target simulmain[0m
[1.037s] [ 80%] Built target simulmain_autogen
[1.062s] [ 84%] [32mBuilding CXX object CMakeFiles/simulmain.dir/simulmain_autogen/mocs_compilation.cpp.o[0m
[1.062s] [ 88%] [32mBuilding CXX object CMakeFiles/simulmain.dir/src/simulmain/simul_main.cpp.o[0m
[1.063s] [ 92%] [32mBuilding CXX object CMakeFiles/simulmain.dir/src/simulmain/mainwindow.cpp.o[0m
[1.187s] In file included from [01m[K/home/dongju/camel-amr-projects/src/amr-main-pkg/src/simulmain/simul_main.cpp:4[m[K:
[1.187s] [01m[K/home/dongju/camel-amr-projects/src/amr-main-pkg/include/simulmain/simul_main.hpp:29:10:[m[K [01;31m[Kfatal error: [m[Ksimulmain/SharedMemory.h: No such file or directory
[1.187s]    29 | #include [01;31m[K<simulmain/SharedMemory.h>[m[K
[1.187s]       |          [01;31m[K^~~~~~~~~~~~~~~~~~~~~~~~~~[m[K
[1.188s] compilation terminated.
[1.189s] make[2]: *** [CMakeFiles/simulmain.dir/build.make:90: CMakeFiles/simulmain.dir/src/simulmain/simul_main.cpp.o] Error 1
[1.189s] make[2]: *** Waiting for unfinished jobs....
[1.211s] In file included from [01m[K/home/dongju/camel-amr-projects/src/amr-main-pkg/src/simulmain/mainwindow.h:5[m[K,
[1.211s]                  from [01m[K/home/dongju/camel-amr-projects/src/amr-main-pkg/src/simulmain/mainwindow.cpp:1[m[K:
[1.211s] [01m[K/home/dongju/camel-amr-projects/src/amr-main-pkg/include/simulmain/simul_main.hpp:29:10:[m[K [01;31m[Kfatal error: [m[Ksimulmain/SharedMemory.h: No such file or directory
[1.211s]    29 | #include [01;31m[K<simulmain/SharedMemory.h>[m[K
[1.212s]       |          [01;31m[K^~~~~~~~~~~~~~~~~~~~~~~~~~[m[K
[1.212s] compilation terminated.
[1.212s] In file included from [01m[K/home/dongju/camel-amr-projects/build/amr-main-pkg/simulmain_autogen/ITIM7IFCI6/../../../../src/amr-main-pkg/src/simulmain/mainwindow.h:5[m[K,
[1.212s]                  from [01m[K/home/dongju/camel-amr-projects/build/amr-main-pkg/simulmain_autogen/ITIM7IFCI6/moc_mainwindow.cpp:9[m[K,
[1.212s]                  from [01m[K/home/dongju/camel-amr-projects/build/amr-main-pkg/simulmain_autogen/mocs_compilation.cpp:2[m[K:
[1.213s] [01m[K/home/dongju/camel-amr-projects/src/amr-main-pkg/include/simulmain/simul_main.hpp:29:10:[m[K [01;31m[Kfatal error: [m[Ksimulmain/SharedMemory.h: No such file or directory
[1.213s]    29 | #include [01;31m[K<simulmain/SharedMemory.h>[m[K
[1.213s]       |          [01;31m[K^~~~~~~~~~~~~~~~~~~~~~~~~~[m[K
[1.213s] compilation terminated.
[1.213s] make[2]: *** [CMakeFiles/simulmain.dir/build.make:104: CMakeFiles/simulmain.dir/src/simulmain/mainwindow.cpp.o] Error 1
[1.215s] make[2]: *** [CMakeFiles/simulmain.dir/build.make:76: CMakeFiles/simulmain.dir/simulmain_autogen/mocs_compilation.cpp.o] Error 1
[1.215s] make[1]: *** [CMakeFiles/Makefile2:288: CMakeFiles/simulmain.dir/all] Error 2
[1.215s] make: *** [Makefile:146: all] Error 2
[1.216s] Invoked command in '/home/dongju/camel-amr-projects/build/amr-main-pkg' returned '2': CMAKE_PREFIX_PATH=/home/dongju/camel-amr-projects/install/amr_msg_interfaces:/home/dongju/camel-amr-projects/install/amr-main-pkg:/home/dongju/camel-amr-projects/install/amr-obstacle-pkg:/home/dongju/camel-amr-projects/install/amr-gazebo-pkg:/opt/ros/foxy LD_LIBRARY_PATH=/home/dongju/camel-amr-projects/install/amr_msg_interfaces/lib:/usr/lib/x86_64-linux-gnu/gazebo-11/plugins:/opt/ros/foxy/opt/yaml_cpp_vendor/lib:/opt/ros/foxy/opt/rviz_ogre_vendor/lib:/opt/ros/foxy/lib/x86_64-linux-gnu:/opt/ros/foxy/lib:home/dongju/raisimLib/install/lib PYTHONPATH=/home/dongju/camel-amr-projects/install/amr_msg_interfaces/lib/python3.8/site-packages:/opt/ros/foxy/lib/python3.8/site-packages:home/dongju/raisimLib/install/lib /usr/local/bin/cmake --build /home/dongju/camel-amr-projects/build/amr-main-pkg -- -j10 -l10
