[ 60%] Built target astar_lib
[ 60%] Built target visualize_lib
[ 60%] Built target dynamicObstacle_lib
[ 80%] Built target obsDetection_lib
[35m[1mConsolidate compiler generated dependencies of target simulmain[0m
[ 90%] [32mBuilding CXX object CMakeFiles/simulmain.dir/src/simulmain/simul_main.cpp.o[0m
[01m[K/home/sangjun/camel-amr-projects-V1/src/amr-main-pkg/src/simulmain/simul_main.cpp:[m[K In member function â€˜[01m[Kvoid ParkingNode::sub_callback(sensor_msgs::msg::LaserScan_<std::allocator<void> >::SharedPtr)[m[Kâ€™:
[01m[K/home/sangjun/camel-amr-projects-V1/src/amr-main-pkg/src/simulmain/simul_main.cpp:45:59:[m[K [01;35m[Kwarning: [m[Kunused parameter â€˜[01m[Kmsg[m[Kâ€™ [[01;35m[K-Wunused-parameter[m[K]
   45 | void ParkingNode::sub_callback([01;35m[Kconst LaserScan::SharedPtr msg[m[K)
      |                                [01;35m[K~~~~~~~~~~~~~~~~~~~~~~~~~~~^~~[m[K
[01m[K/home/sangjun/camel-amr-projects-V1/src/amr-main-pkg/src/simulmain/simul_main.cpp:[m[K At global scope:
[01m[K/home/sangjun/camel-amr-projects-V1/src/amr-main-pkg/src/simulmain/simul_main.cpp:73:49:[m[K [01;31m[Kerror: [m[Kâ€˜[01m[KSharddPtr[m[Kâ€™ in â€˜[01m[Kusing Odometry = using Odometry = struct nav_msgs::msg::Odometry_<std::allocator<void> >[m[Kâ€™ {aka â€˜[01m[Kstruct nav_msgs::msg::Odometry_<std::allocator<void> >[m[Kâ€™} does not name a type
   73 | void ParkingNode::odom_callback(const Odometry::[01;31m[KSharddPtr[m[K msg)
      |                                                 [01;31m[K^~~~~~~~~[m[K
[01m[K/home/sangjun/camel-amr-projects-V1/src/amr-main-pkg/src/simulmain/simul_main.cpp:73:6:[m[K [01;31m[Kerror: [m[Kno declaration matches â€˜[01m[Kvoid ParkingNode::odom_callback(int)[m[Kâ€™
   73 | void [01;31m[KParkingNode[m[K::odom_callback(const Odometry::SharddPtr msg)
      |      [01;31m[K^~~~~~~~~~~[m[K
In file included from [01m[K/home/sangjun/camel-amr-projects-V1/src/amr-main-pkg/src/simulmain/simul_main.cpp:4[m[K:
[01m[K/home/sangjun/camel-amr-projects-V1/src/amr-main-pkg/include/simulmain/simul_main.hpp:64:10:[m[K [01;36m[Knote: [m[Kcandidate is: â€˜[01m[Kvoid ParkingNode::odom_callback(nav_msgs::msg::Odometry_<std::allocator<void> >::SharedPtr)[m[Kâ€™
   64 |     void [01;36m[Kodom_callback[m[K(const Odometry::SharedPtr msg);
      |          [01;36m[K^~~~~~~~~~~~~[m[K
[01m[K/home/sangjun/camel-amr-projects-V1/src/amr-main-pkg/include/simulmain/simul_main.hpp:38:7:[m[K [01;36m[Knote: [m[Kâ€˜[01m[Kclass ParkingNode[m[Kâ€™ defined here
   38 | class [01;36m[KParkingNode[m[K : public rclcpp::Node {
      |       [01;36m[K^~~~~~~~~~~[m[K
make[2]: *** [CMakeFiles/simulmain.dir/build.make:76: CMakeFiles/simulmain.dir/src/simulmain/simul_main.cpp.o] Error 1
make[1]: *** [CMakeFiles/Makefile2:174: CMakeFiles/simulmain.dir/all] Error 2
make: *** [Makefile:146: all] Error 2
