[0.013s] Invoking command in '/home/sangjun/camel-amr-projects-V1/build/amr-main-pkg': CMAKE_PREFIX_PATH=/home/sangjun/camel-amr-projects-V1/install/amr_msg_interfaces:/home/sangjun/ros2_test_ws/install/test:/home/sangjun/camel-amr-projects-V1/install/amr-main-pkg:/home/sangjun/camel-amr-projects-V1/install/amr-obstacle-pkg:/home/sangjun/camel-amr-projects-V1/install/amr-gazebo-pkg:/opt/ros/foxy:/home/sangjun/catkin_ws/devel:/opt/ros/noetic /usr/local/bin/cmake --build /home/sangjun/camel-amr-projects-V1/build/amr-main-pkg -- -j6 -l6
[0.037s] [ 60%] Built target astar_lib
[0.037s] [ 60%] Built target visualize_lib
[0.037s] [ 60%] Built target dynamicObstacle_lib
[0.040s] [ 80%] Built target obsDetection_lib
[0.046s] [35m[1mConsolidate compiler generated dependencies of target simulmain[0m
[0.056s] [ 90%] [32mBuilding CXX object CMakeFiles/simulmain.dir/src/simulmain/simul_main.cpp.o[0m
[1.420s] [01m[K/home/sangjun/camel-amr-projects-V1/src/amr-main-pkg/src/simulmain/simul_main.cpp:[m[K In member function â€˜[01m[Kvoid ParkingNode::sub_callback(sensor_msgs::msg::LaserScan_<std::allocator<void> >::SharedPtr)[m[Kâ€™:
[1.420s] [01m[K/home/sangjun/camel-amr-projects-V1/src/amr-main-pkg/src/simulmain/simul_main.cpp:45:59:[m[K [01;35m[Kwarning: [m[Kunused parameter â€˜[01m[Kmsg[m[Kâ€™ [[01;35m[K-Wunused-parameter[m[K]
[1.420s]    45 | void ParkingNode::sub_callback([01;35m[Kconst LaserScan::SharedPtr msg[m[K)
[1.420s]       |                                [01;35m[K~~~~~~~~~~~~~~~~~~~~~~~~~~~^~~[m[K
[1.420s] [01m[K/home/sangjun/camel-amr-projects-V1/src/amr-main-pkg/src/simulmain/simul_main.cpp:[m[K At global scope:
[1.420s] [01m[K/home/sangjun/camel-amr-projects-V1/src/amr-main-pkg/src/simulmain/simul_main.cpp:73:49:[m[K [01;31m[Kerror: [m[Kâ€˜[01m[KSharddPtr[m[Kâ€™ in â€˜[01m[Kusing Odometry = using Odometry = struct nav_msgs::msg::Odometry_<std::allocator<void> >[m[Kâ€™ {aka â€˜[01m[Kstruct nav_msgs::msg::Odometry_<std::allocator<void> >[m[Kâ€™} does not name a type
[1.420s]    73 | void ParkingNode::odom_callback(const Odometry::[01;31m[KSharddPtr[m[K msg)
[1.420s]       |                                                 [01;31m[K^~~~~~~~~[m[K
[1.421s] [01m[K/home/sangjun/camel-amr-projects-V1/src/amr-main-pkg/src/simulmain/simul_main.cpp:73:6:[m[K [01;31m[Kerror: [m[Kno declaration matches â€˜[01m[Kvoid ParkingNode::odom_callback(int)[m[Kâ€™
[1.421s]    73 | void [01;31m[KParkingNode[m[K::odom_callback(const Odometry::SharddPtr msg)
[1.421s]       |      [01;31m[K^~~~~~~~~~~[m[K
[1.421s] In file included from [01m[K/home/sangjun/camel-amr-projects-V1/src/amr-main-pkg/src/simulmain/simul_main.cpp:4[m[K:
[1.421s] [01m[K/home/sangjun/camel-amr-projects-V1/src/amr-main-pkg/include/simulmain/simul_main.hpp:64:10:[m[K [01;36m[Knote: [m[Kcandidate is: â€˜[01m[Kvoid ParkingNode::odom_callback(nav_msgs::msg::Odometry_<std::allocator<void> >::SharedPtr)[m[Kâ€™
[1.421s]    64 |     void [01;36m[Kodom_callback[m[K(const Odometry::SharedPtr msg);
[1.421s]       |          [01;36m[K^~~~~~~~~~~~~[m[K
[1.421s] [01m[K/home/sangjun/camel-amr-projects-V1/src/amr-main-pkg/include/simulmain/simul_main.hpp:38:7:[m[K [01;36m[Knote: [m[Kâ€˜[01m[Kclass ParkingNode[m[Kâ€™ defined here
[1.421s]    38 | class [01;36m[KParkingNode[m[K : public rclcpp::Node {
[1.421s]       |       [01;36m[K^~~~~~~~~~~[m[K
[3.377s] make[2]: *** [CMakeFiles/simulmain.dir/build.make:76: CMakeFiles/simulmain.dir/src/simulmain/simul_main.cpp.o] Error 1
[3.377s] make[1]: *** [CMakeFiles/Makefile2:174: CMakeFiles/simulmain.dir/all] Error 2
[3.377s] make: *** [Makefile:146: all] Error 2
[3.379s] Invoked command in '/home/sangjun/camel-amr-projects-V1/build/amr-main-pkg' returned '2': CMAKE_PREFIX_PATH=/home/sangjun/camel-amr-projects-V1/install/amr_msg_interfaces:/home/sangjun/ros2_test_ws/install/test:/home/sangjun/camel-amr-projects-V1/install/amr-main-pkg:/home/sangjun/camel-amr-projects-V1/install/amr-obstacle-pkg:/home/sangjun/camel-amr-projects-V1/install/amr-gazebo-pkg:/opt/ros/foxy:/home/sangjun/catkin_ws/devel:/opt/ros/noetic /usr/local/bin/cmake --build /home/sangjun/camel-amr-projects-V1/build/amr-main-pkg -- -j6 -l6
