[  3%] [34m[1mAutomatic MOC and UIC for target astar_lib[0m
[ 15%] [34m[1mAutomatic MOC and UIC for target visualize_lib[0m
[ 15%] [34m[1mAutomatic MOC and UIC for target clusteringDynamicObs_lib[0m
[ 15%] [34m[1mAutomatic MOC and UIC for target dynamicObstacle_lib[0m
[ 19%] [34m[1mAutomatic MOC and UIC for target obsDetection_lib[0m
[ 19%] Built target astar_lib_autogen
[ 19%] Built target dynamicObstacle_lib_autogen
[ 19%] Built target visualize_lib_autogen
[ 19%] Built target clusteringDynamicObs_lib_autogen
[ 19%] Built target obsDetection_lib_autogen
[ 30%] Built target astar_lib
[ 42%] Built target dynamicObstacle_lib
[ 53%] Built target obsDetection_lib
[ 65%] Built target visualize_lib
[ 76%] Built target clusteringDynamicObs_lib
[ 80%] [34m[1mAutomatic MOC and UIC for target simulmain[0m
[ 80%] Built target simulmain_autogen
[ 84%] [32mBuilding CXX object CMakeFiles/simulmain.dir/src/simulmain/mainwindow.cpp.o[0m
[ 88%] [32m[1mLinking CXX executable simulmain[0m
/usr/bin/ld: CMakeFiles/simulmain.dir/src/simulmain/simul_main.cpp.o: in function `ParkingNode::ParkingNode()':
simul_main.cpp:(.text+0x282): undefined reference to `vtable for ParkingNode'
/usr/bin/ld: simul_main.cpp:(.text+0x297): undefined reference to `vtable for ParkingNode'
/usr/bin/ld: CMakeFiles/simulmain.dir/src/simulmain/simul_main.cpp.o: in function `ParkingNode::odom_callback(std::shared_ptr<nav_msgs::msg::Odometry_<std::allocator<void> > >)':
simul_main.cpp:(.text+0x1011): undefined reference to `ParkingNode::headingUpdated(double)'
/usr/bin/ld: CMakeFiles/simulmain.dir/src/simulmain/simul_main.cpp.o: in function `ParkingNode::~ParkingNode()':
simul_main.cpp:(.text+0x13c7): undefined reference to `vtable for ParkingNode'
/usr/bin/ld: simul_main.cpp:(.text+0x13d9): undefined reference to `vtable for ParkingNode'
collect2: error: ld returned 1 exit status
make[2]: *** [CMakeFiles/simulmain.dir/build.make:223: simulmain] Error 1
make[1]: *** [CMakeFiles/Makefile2:288: CMakeFiles/simulmain.dir/all] Error 2
make: *** [Makefile:146: all] Error 2
