[01m[K/home/sangjun/camel-amr-projects-V1/src/amr-main-pkg/src/astar/Astar.cpp:[m[K In constructor â€˜[01m[KAstar_planning::Astar_planning()[m[Kâ€™:
[01m[K/home/sangjun/camel-amr-projects-V1/src/amr-main-pkg/src/astar/Astar.cpp:26:5:[m[K [01;31m[Kerror: [m[Kâ€˜[01m[Kgird[m[Kâ€™ was not declared in this scope; did you mean â€˜[01m[Kgrid[m[Kâ€™?
   26 |     [01;31m[Kgird[m[K = 200;
      |     [01;31m[K^~~~[m[K
      |     [32m[Kgrid[m[K
make[2]: *** [CMakeFiles/astar_lib.dir/build.make:76: CMakeFiles/astar_lib.dir/src/astar/Astar.cpp.o] Error 1
make[1]: *** [CMakeFiles/Makefile2:145: CMakeFiles/astar_lib.dir/all] Error 2
make: *** [Makefile:146: all] Error 2
