In file included from [01m[K/home/sangjun/camel-amr-projects-V1/src/amr-main-pkg/src/astar/astar.cpp:4[m[K:
[01m[K/home/sangjun/camel-amr-projects-V1/src/amr-main-pkg/include/astar/astar.hpp:39:28:[m[K [01;31m[Kerror: [m[Kredeclaration of â€˜[01m[Kstd::stack<std::pair<int, int> > Astar_planning::traj[m[Kâ€™
   39 |     std::stack<coordinate> [01;31m[Ktraj[m[K;
      |                            [01;31m[K^~~~[m[K
[01m[K/home/sangjun/camel-amr-projects-V1/src/amr-main-pkg/include/astar/astar.hpp:33:16:[m[K [01;36m[Knote: [m[Kprevious declaration â€˜[01m[KTrajectory Astar_planning::traj[m[Kâ€™
   33 |     Trajectory [01;36m[Ktraj[m[K;
      |                [01;36m[K^~~~[m[K
[01m[K/home/sangjun/camel-amr-projects-V1/src/amr-main-pkg/src/astar/astar.cpp:[m[K In member function â€˜[01m[Kvoid Astar_planning::sub_callback(sensor_msgs::msg::LaserScan_<std::allocator<void> >::SharedPtr)[m[Kâ€™:
[01m[K/home/sangjun/camel-amr-projects-V1/src/amr-main-pkg/src/astar/astar.cpp:18:62:[m[K [01;35m[Kwarning: [m[Kunused parameter â€˜[01m[Kmsg[m[Kâ€™ [[01;35m[K-Wunused-parameter[m[K]
   18 | void Astar_planning::sub_callback([01;35m[Kconst LaserScan::SharedPtr msg[m[K)
      |                                   [01;35m[K~~~~~~~~~~~~~~~~~~~~~~~~~~~^~~[m[K
make[2]: *** [CMakeFiles/astar.dir/build.make:76: CMakeFiles/astar.dir/src/astar/astar.cpp.o] Error 1
make[1]: *** [CMakeFiles/Makefile2:87: CMakeFiles/astar.dir/all] Error 2
make: *** [Makefile:146: all] Error 2
