In file included from [01m[K/home/sangjun/camel-amr-projects-UI/src/amr-main-pkg/src/simulmain/mainwindow.cpp:2[m[K:
[01m[K/home/sangjun/camel-amr-projects-UI/src/amr-main-pkg/src/simulmain/ui_mainwindow.h:32:5:[m[K [01;31m[Kerror: [m[Kâ€˜[01m[KQLabel[m[Kâ€™ does not name a type
   32 |     [01;31m[KQLabel[m[K *DistanceInfo;
      |     [01;31m[K^~~~~~[m[K
[01m[K/home/sangjun/camel-amr-projects-UI/src/amr-main-pkg/src/simulmain/ui_mainwindow.h:[m[K In member function â€˜[01m[Kvoid Ui_MainWindow::setupUi(QMainWindow*)[m[Kâ€™:
[01m[K/home/sangjun/camel-amr-projects-UI/src/amr-main-pkg/src/simulmain/ui_mainwindow.h:45:9:[m[K [01;31m[Kerror: [m[Kâ€˜[01m[KDistanceInfo[m[Kâ€™ was not declared in this scope
   45 |         [01;31m[KDistanceInfo[m[K = new QLabel(groupBox_Info);
      |         [01;31m[K^~~~~~~~~~~~[m[K
[01m[K/home/sangjun/camel-amr-projects-UI/src/amr-main-pkg/src/simulmain/ui_mainwindow.h:45:28:[m[K [01;31m[Kerror: [m[Kexpected type-specifier before â€˜[01m[KQLabel[m[Kâ€™
   45 |         DistanceInfo = new [01;31m[KQLabel[m[K(groupBox_Info);
      |                            [01;31m[K^~~~~~[m[K
[01m[K/home/sangjun/camel-amr-projects-UI/src/amr-main-pkg/src/simulmain/ui_mainwindow.h:48:31:[m[K [01;31m[Kerror: [m[Kâ€˜[01m[Kfont1[m[Kâ€™ was not declared in this scope
   48 |         DistanceInfo->setFont([01;31m[Kfont1[m[K);
      |                               [01;31m[K^~~~~[m[K
make[2]: *** [CMakeFiles/simulmain.dir/build.make:118: CMakeFiles/simulmain.dir/src/simulmain/mainwindow.cpp.o] Error 1
make[1]: *** [CMakeFiles/Makefile2:184: CMakeFiles/simulmain.dir/all] Error 2
make: *** [Makefile:146: all] Error 2
