[0.009s] Invoking command in '/home/dongju/camel-amr-projects/build/amr-main-pkg': CMAKE_PREFIX_PATH=/home/dongju/camel-amr-projects/install/amr_msg_interfaces:/home/dongju/camel-amr-projects/install/amr-main-pkg:/home/dongju/camel-amr-projects/install/amr-obstacle-pkg:/home/dongju/camel-amr-projects/install/amr-gazebo-pkg:/opt/ros/foxy LD_LIBRARY_PATH=/home/dongju/camel-amr-projects/install/amr_msg_interfaces/lib:/usr/lib/x86_64-linux-gnu/gazebo-11/plugins:/opt/ros/foxy/opt/yaml_cpp_vendor/lib:/opt/ros/foxy/opt/rviz_ogre_vendor/lib:/opt/ros/foxy/lib/x86_64-linux-gnu:/opt/ros/foxy/lib:home/dongju/raisimLib/install/lib PYTHONPATH=/home/dongju/camel-amr-projects/install/amr_msg_interfaces/lib/python3.8/site-packages:/opt/ros/foxy/lib/python3.8/site-packages:home/dongju/raisimLib/install/lib /usr/local/bin/cmake --build /home/dongju/camel-amr-projects/build/amr-main-pkg -- -j10 -l10
[0.026s] [ 11%] [34m[1mAutomatic MOC and UIC for target dynamicObstacle_lib[0m
[0.026s] [ 11%] [34m[1mAutomatic MOC and UIC for target visualize_lib[0m
[0.026s] [ 19%] [34m[1mAutomatic MOC and UIC for target astar_lib[0m
[0.026s] [ 19%] [34m[1mAutomatic MOC and UIC for target obsDetection_lib[0m
[0.026s] [ 19%] [34m[1mAutomatic MOC and UIC for target clusteringDynamicObs_lib[0m
[0.032s] [ 19%] Built target visualize_lib_autogen
[0.032s] [ 19%] Built target dynamicObstacle_lib_autogen
[0.032s] [ 19%] Built target obsDetection_lib_autogen
[0.032s] [ 19%] Built target astar_lib_autogen
[0.032s] [ 19%] Built target clusteringDynamicObs_lib_autogen
[0.039s] [ 42%] Built target obsDetection_lib
[0.039s] [ 42%] Built target dynamicObstacle_lib
[0.039s] [ 53%] Built target clusteringDynamicObs_lib
[0.045s] [ 65%] Built target visualize_lib
[0.046s] [ 76%] Built target astar_lib
[0.051s] [ 80%] [34m[1mAutomatic MOC and UIC for target simulmain[0m
[0.057s] [ 80%] Built target simulmain_autogen
[0.082s] [ 84%] [32mBuilding CXX object CMakeFiles/simulmain.dir/src/simulmain/simul_main.cpp.o[0m
[0.082s] [ 88%] [32mBuilding CXX object CMakeFiles/simulmain.dir/src/simulmain/mainwindow.cpp.o[0m
[1.400s] In file included from [01m[K/home/dongju/camel-amr-projects/src/amr-main-pkg/src/simulmain/simul_main.cpp:4[m[K:
[1.400s] [01m[K/home/dongju/camel-amr-projects/src/amr-main-pkg/include/simulmain/simul_main.hpp:[m[K In member function â€˜[01m[Kdouble ParkingNode::getHeading() const[m[Kâ€™:
[1.400s] [01m[K/home/dongju/camel-amr-projects/src/amr-main-pkg/include/simulmain/simul_main.hpp:73:9:[m[K [01;31m[Kerror: [m[Kâ€˜[01m[Kreuturn[m[Kâ€™ was not declared in this scope
[1.400s]    73 |         [01;31m[Kreuturn[m[K heading;
[1.400s]       |         [01;31m[K^~~~~~~[m[K
[1.400s] [01m[K/home/dongju/camel-amr-projects/src/amr-main-pkg/include/simulmain/simul_main.hpp:74:5:[m[K [01;35m[Kwarning: [m[Kno return statement in function returning non-void [[01;35m[K-Wreturn-type[m[K]
[1.400s]    74 |     [01;35m[K}[m[K
[1.400s]       |     [01;35m[K^[m[K
[1.871s] In file included from [01m[K/home/dongju/camel-amr-projects/src/amr-main-pkg/src/simulmain/mainwindow.cpp:4[m[K:
[1.872s] [01m[K/home/dongju/camel-amr-projects/src/amr-main-pkg/include/simulmain/simul_main.hpp:[m[K In member function â€˜[01m[Kdouble ParkingNode::getHeading() const[m[Kâ€™:
[1.872s] [01m[K/home/dongju/camel-amr-projects/src/amr-main-pkg/include/simulmain/simul_main.hpp:73:9:[m[K [01;31m[Kerror: [m[Kâ€˜[01m[Kreuturn[m[Kâ€™ was not declared in this scope
[1.872s]    73 |         [01;31m[Kreuturn[m[K heading;
[1.872s]       |         [01;31m[K^~~~~~~[m[K
[1.872s] [01m[K/home/dongju/camel-amr-projects/src/amr-main-pkg/include/simulmain/simul_main.hpp:74:5:[m[K [01;35m[Kwarning: [m[Kno return statement in function returning non-void [[01;35m[K-Wreturn-type[m[K]
[1.872s]    74 |     [01;35m[K}[m[K
[1.872s]       |     [01;35m[K^[m[K
[2.262s] make[2]: *** [CMakeFiles/simulmain.dir/build.make:104: CMakeFiles/simulmain.dir/src/simulmain/mainwindow.cpp.o] Error 1
[2.262s] make[2]: *** Waiting for unfinished jobs....
[3.602s] make[2]: *** [CMakeFiles/simulmain.dir/build.make:90: CMakeFiles/simulmain.dir/src/simulmain/simul_main.cpp.o] Error 1
[3.602s] make[1]: *** [CMakeFiles/Makefile2:288: CMakeFiles/simulmain.dir/all] Error 2
[3.603s] make: *** [Makefile:146: all] Error 2
[3.604s] Invoked command in '/home/dongju/camel-amr-projects/build/amr-main-pkg' returned '2': CMAKE_PREFIX_PATH=/home/dongju/camel-amr-projects/install/amr_msg_interfaces:/home/dongju/camel-amr-projects/install/amr-main-pkg:/home/dongju/camel-amr-projects/install/amr-obstacle-pkg:/home/dongju/camel-amr-projects/install/amr-gazebo-pkg:/opt/ros/foxy LD_LIBRARY_PATH=/home/dongju/camel-amr-projects/install/amr_msg_interfaces/lib:/usr/lib/x86_64-linux-gnu/gazebo-11/plugins:/opt/ros/foxy/opt/yaml_cpp_vendor/lib:/opt/ros/foxy/opt/rviz_ogre_vendor/lib:/opt/ros/foxy/lib/x86_64-linux-gnu:/opt/ros/foxy/lib:home/dongju/raisimLib/install/lib PYTHONPATH=/home/dongju/camel-amr-projects/install/amr_msg_interfaces/lib/python3.8/site-packages:/opt/ros/foxy/lib/python3.8/site-packages:home/dongju/raisimLib/install/lib /usr/local/bin/cmake --build /home/dongju/camel-amr-projects/build/amr-main-pkg -- -j10 -l10
