[ 19%] [34m[1mAutomatic MOC and UIC for target obsDetection_lib[0m
[ 19%] [34m[1mAutomatic MOC and UIC for target visualize_lib[0m
[ 19%] [34m[1mAutomatic MOC and UIC for target astar_lib[0m
[ 19%] [34m[1mAutomatic MOC and UIC for target dynamicObstacle_lib[0m
[ 19%] [34m[1mAutomatic MOC and UIC for target clusteringDynamicObs_lib[0m
[ 19%] Built target dynamicObstacle_lib_autogen
[ 19%] Built target astar_lib_autogen
[ 19%] Built target clusteringDynamicObs_lib_autogen
[ 19%] Built target obsDetection_lib_autogen
[ 19%] Built target visualize_lib_autogen
[ 53%] Built target obsDetection_lib
[ 53%] Built target astar_lib
[ 53%] Built target dynamicObstacle_lib
[ 73%] Built target clusteringDynamicObs_lib
[ 76%] Built target visualize_lib
[ 80%] [34m[1mAutomatic MOC and UIC for target simulmain[0m
[ 80%] Built target simulmain_autogen
[ 84%] [32mBuilding CXX object CMakeFiles/simulmain.dir/simulmain_autogen/mocs_compilation.cpp.o[0m
[ 88%] [32mBuilding CXX object CMakeFiles/simulmain.dir/src/simulmain/simul_main.cpp.o[0m
[ 92%] [32mBuilding CXX object CMakeFiles/simulmain.dir/src/simulmain/mainwindow.cpp.o[0m
[01m[K/home/dongju/camel-amr-projects/src/amr-main-pkg/src/simulmain/simul_main.cpp:[m[K In member function â€˜[01m[Kvoid ParkingNode::sub_callback(sensor_msgs::msg::LaserScan_<std::allocator<void> >::SharedPtr)[m[Kâ€™:
[01m[K/home/dongju/camel-amr-projects/src/amr-main-pkg/src/simulmain/simul_main.cpp:46:88:[m[K [01;31m[Kerror: [m[Kâ€˜[01m[Kxpos[m[Kâ€™ was not declared in this scope; did you mean â€˜[01m[Kypos[m[Kâ€™?
   46 |     Cluster.UpdateDynamicObstacle(msg->ranges, ASTAR.Mapmatrix, sharedMemory->heading, [01;31m[Kxpos[m[K, ypos, MapCounter);
      |                                                                                        [01;31m[K^~~~[m[K
      |                                                                                        [32m[Kypos[m[K
make[2]: *** [CMakeFiles/simulmain.dir/build.make:90: CMakeFiles/simulmain.dir/src/simulmain/simul_main.cpp.o] Error 1
make[2]: *** Waiting for unfinished jobs....
make[1]: *** [CMakeFiles/Makefile2:288: CMakeFiles/simulmain.dir/all] Error 2
make: *** [Makefile:146: all] Error 2
