[0.013s] Invoking command in '/home/sangjun/camel-amr-projects-V1/build/amr-main-pkg': CMAKE_PREFIX_PATH=/home/sangjun/camel-amr-projects-V1/install/amr_msg_interfaces:/home/sangjun/camel-amr-projects-V1/install/amr-main-pkg:/home/sangjun/camel-amr-projects-V1/install/amr-obstacle-pkg:/home/sangjun/camel-amr-projects-V1/install/amr-gazebo-pkg:/opt/ros/foxy:/home/sangjun/catkin_ws/devel:/opt/ros/noetic /usr/local/bin/cmake --build /home/sangjun/camel-amr-projects-V1/build/amr-main-pkg -- -j6 -l6
[0.031s] [35m[1mConsolidate compiler generated dependencies of target astar[0m
[0.034s] [ 50%] Built target simulmain
[0.041s] [ 75%] [32mBuilding CXX object CMakeFiles/astar.dir/src/astar/astar.cpp.o[0m
[0.945s] [01m[K/home/sangjun/camel-amr-projects-V1/src/amr-main-pkg/src/astar/astar.cpp:[m[K In member function â€˜[01m[Kvoid Astar_planning::sub_callback(sensor_msgs::msg::LaserScan_<std::allocator<void> >::SharedPtr)[m[Kâ€™:
[0.945s] [01m[K/home/sangjun/camel-amr-projects-V1/src/amr-main-pkg/src/astar/astar.cpp:18:62:[m[K [01;35m[Kwarning: [m[Kunused parameter â€˜[01m[Kmsg[m[Kâ€™ [[01;35m[K-Wunused-parameter[m[K]
[0.945s]    18 | void Astar_planning::sub_callback([01;35m[Kconst LaserScan::SharedPtr msg[m[K)
[0.945s]       |                                   [01;35m[K~~~~~~~~~~~~~~~~~~~~~~~~~~~^~~[m[K
[0.954s] [01m[K/home/sangjun/camel-amr-projects-V1/src/amr-main-pkg/src/astar/astar.cpp:[m[K In member function â€˜[01m[Kstd::stack<std::pair<int, int> > Astar_planning::Astar(coordinate&, coordinate&, coordinate&, int (*)[100])[m[Kâ€™:
[0.954s] [01m[K/home/sangjun/camel-amr-projects-V1/src/amr-main-pkg/src/astar/astar.cpp:57:10:[m[K [01;35m[Kwarning: [m[KISO C++ forbids variable length array â€˜[01m[KclosedList[m[Kâ€™ [[01;35m[K-Wvla[m[K]
[0.954s]    57 |     bool [01;35m[KclosedList[m[K[row][column];
[0.954s]       |          [01;35m[K^~~~~~~~~~[m[K
[0.954s] [01m[K/home/sangjun/camel-amr-projects-V1/src/amr-main-pkg/src/astar/astar.cpp:57:10:[m[K [01;35m[Kwarning: [m[KISO C++ forbids variable length array â€˜[01m[KclosedList[m[Kâ€™ [[01;35m[K-Wvla[m[K]
[0.954s] [01m[K/home/sangjun/camel-amr-projects-V1/src/amr-main-pkg/src/astar/astar.cpp:76:22:[m[K [01;31m[Kerror: [m[Kâ€˜[01m[Kusing Trajectory = using Trajectory = struct amr_msg_interfaces::msg::Trajectory_<std::allocator<void> >[m[Kâ€™ {aka â€˜[01m[Kstruct amr_msg_interfaces::msg::Trajectory_<std::allocator<void> >[m[Kâ€™} has no member named â€˜[01m[Kpush[m[Kâ€™
[0.955s]    76 |                 traj.[01;31m[Kpush[m[K(std::make_pair(a, b));
[0.955s]       |                      [01;31m[K^~~~[m[K
[0.955s] [01m[K/home/sangjun/camel-amr-projects-V1/src/amr-main-pkg/src/astar/astar.cpp:82:18:[m[K [01;31m[Kerror: [m[Kâ€˜[01m[Kusing Trajectory = using Trajectory = struct amr_msg_interfaces::msg::Trajectory_<std::allocator<void> >[m[Kâ€™ {aka â€˜[01m[Kstruct amr_msg_interfaces::msg::Trajectory_<std::allocator<void> >[m[Kâ€™} has no member named â€˜[01m[Kpush[m[Kâ€™
[0.955s]    82 |             traj.[01;31m[Kpush[m[K(this->start_point);
[0.955s]       |                  [01;31m[K^~~~[m[K
[0.955s] [01m[K/home/sangjun/camel-amr-projects-V1/src/amr-main-pkg/src/astar/astar.cpp:84:20:[m[K [01;31m[Kerror: [m[Kcould not convert â€˜[01m[K((Astar_planning*)this)->Astar_planning::traj[m[Kâ€™ from â€˜[01m[KTrajectory[m[Kâ€™ {aka â€˜[01m[Kamr_msg_interfaces::msg::Trajectory_<std::allocator<void> >[m[Kâ€™} to â€˜[01m[Kstd::stack<std::pair<int, int> >[m[Kâ€™
[0.955s]    84 |             return [01;31m[Ktraj[m[K;
[0.955s]       |                    [01;31m[K^~~~[m[K
[0.955s]       |                    [01;31m[K|[m[K
[0.955s]       |                    [01;31m[KTrajectory {aka amr_msg_interfaces::msg::Trajectory_<std::allocator<void> >}[m[K
[2.037s] make[2]: *** [CMakeFiles/astar.dir/build.make:76: CMakeFiles/astar.dir/src/astar/astar.cpp.o] Error 1
[2.037s] make[1]: *** [CMakeFiles/Makefile2:87: CMakeFiles/astar.dir/all] Error 2
[2.037s] make: *** [Makefile:146: all] Error 2
[2.039s] Invoked command in '/home/sangjun/camel-amr-projects-V1/build/amr-main-pkg' returned '2': CMAKE_PREFIX_PATH=/home/sangjun/camel-amr-projects-V1/install/amr_msg_interfaces:/home/sangjun/camel-amr-projects-V1/install/amr-main-pkg:/home/sangjun/camel-amr-projects-V1/install/amr-obstacle-pkg:/home/sangjun/camel-amr-projects-V1/install/amr-gazebo-pkg:/opt/ros/foxy:/home/sangjun/catkin_ws/devel:/opt/ros/noetic /usr/local/bin/cmake --build /home/sangjun/camel-amr-projects-V1/build/amr-main-pkg -- -j6 -l6
