[01m[K/home/dongju/camel-amr-projects/src/amr-main-pkg/src/simulmain/mainwindow.cpp:[m[K In member function â€˜[01m[Kvoid MainWindow::updateValue()[m[Kâ€™:
[01m[K/home/dongju/camel-amr-projects/src/amr-main-pkg/src/simulmain/mainwindow.cpp:25:5:[m[K [01;31m[Kerror: [m[Kâ€˜[01m[KparkingNode[m[Kâ€™ was not declared in this scope; did you mean â€˜[01m[KParkingNode[m[Kâ€™?
   25 |     [01;31m[KparkingNode[m[K parking;
      |     [01;31m[K^~~~~~~~~~~[m[K
      |     [32m[KParkingNode[m[K
[01m[K/home/dongju/camel-amr-projects/src/amr-main-pkg/src/simulmain/mainwindow.cpp:26:26:[m[K [01;31m[Kerror: [m[Kâ€˜[01m[Kparking[m[Kâ€™ was not declared in this scope
   26 |     double randomValue = [01;31m[Kparking[m[K.heading;
      |                          [01;31m[K^~~~~~~[m[K
make[2]: *** [CMakeFiles/simulmain.dir/build.make:104: CMakeFiles/simulmain.dir/src/simulmain/mainwindow.cpp.o] Error 1
make[1]: *** [CMakeFiles/Makefile2:288: CMakeFiles/simulmain.dir/all] Error 2
make: *** [Makefile:146: all] Error 2
