[0.012s] Invoking command in '/home/sangjun/camel-amr-projects-UI/build/amr-main-pkg': CMAKE_PREFIX_PATH=/home/sangjun/camel-amr-projects-UI/install/amr_msg_interfaces:/home/sangjun/camel-amr-projects-UI/install/amr-main-pkg:/home/sangjun/camel-amr-projects-UI/install/amr-obstacle-pkg:/home/sangjun/camel-amr-projects-UI/install/amr-gazebo-pkg:/opt/ros/foxy:/home/sangjun/catkin_ws/devel:/opt/ros/noetic /usr/local/bin/cmake --build /home/sangjun/camel-amr-projects-UI/build/amr-main-pkg -- -j6 -l6
[0.025s] -- Found ament_cmake: 0.9.12 (/opt/ros/foxy/share/ament_cmake/cmake)
[0.046s] -- Using PYTHON_EXECUTABLE: /usr/bin/python3
[0.204s] -- Override CMake install command with custom implementation using symlinks instead of copying resources
[0.212s] -- Found amr_msg_interfaces: 0.6.0 (/home/sangjun/camel-amr-projects-UI/install/amr_msg_interfaces/share/amr_msg_interfaces/cmake)
[0.268s] -- Using all available rosidl_typesupport_c: rosidl_typesupport_fastrtps_c;rosidl_typesupport_introspection_c
[0.270s] -- Found rosidl_adapter: 1.3.1 (/opt/ros/foxy/share/rosidl_adapter/cmake)
[0.383s] -- Using all available rosidl_typesupport_cpp: rosidl_typesupport_fastrtps_cpp;rosidl_typesupport_introspection_cpp
[0.410s] -- Found rclcpp: 2.4.3 (/opt/ros/foxy/share/rclcpp/cmake)
[0.432s] -- Found rmw_implementation_cmake: 1.0.4 (/opt/ros/foxy/share/rmw_implementation_cmake/cmake)
[0.433s] -- Using RMW implementation 'rmw_fastrtps_cpp' as default
[0.528s] -- Found sensor_msgs: 2.0.5 (/opt/ros/foxy/share/sensor_msgs/cmake)
[0.607s] -- Found nav_msgs: 2.0.5 (/opt/ros/foxy/share/nav_msgs/cmake)
[0.666s] -- Found ament_lint_auto: 0.9.8 (/opt/ros/foxy/share/ament_lint_auto/cmake)
[0.719s] -- Found ament_cmake_gtest: 0.9.12 (/opt/ros/foxy/share/ament_cmake_gtest/cmake)
[0.722s] -- Added test 'copyright' to check source files copyright and LICENSE
[0.723s] -- Added test 'cppcheck' to perform static code analysis on C / C++ code
[0.725s] -- Configured cppcheck include dirs: /home/sangjun/camel-amr-projects-UI/src/amr-main-pkg/include
[0.725s] -- Configured cppcheck exclude dirs and/or files: 
[0.726s] -- Added test 'cpplint' to check C / C++ code against the Google style
[0.726s] -- Configured cpplint exclude dirs and/or files: 
[0.726s] -- Added test 'lint_cmake' to check CMake code style
[0.728s] -- Added test 'uncrustify' to check C / C++ code style
[0.728s] -- Configured uncrustify additional arguments: 
[0.728s] -- Added test 'xmllint' to check XML markup files
[0.729s] -- Configuring done
[0.850s] -- Generating done
[0.853s] -- Build files have been written to: /home/sangjun/camel-amr-projects-UI/build/amr-main-pkg
[0.872s] [  3%] [34m[1mAutomatic MOC and UIC for target astar_lib[0m
[0.873s] [  7%] [34m[1mAutomatic MOC and UIC for target clusteringDynamicObs_lib[0m
[0.873s] [ 11%] [34m[1mAutomatic MOC and UIC for target obsDetection_lib[0m
[0.874s] [ 14%] [34m[1mAutomatic MOC and UIC for target visualize_lib[0m
[0.874s] [ 18%] [34m[1mAutomatic MOC and UIC for target dynamicObstacle_lib[0m
[0.883s] [ 18%] Built target visualize_lib_autogen
[0.883s] [ 18%] Built target astar_lib_autogen
[0.883s] [ 18%] Built target obsDetection_lib_autogen
[0.884s] [ 18%] Built target dynamicObstacle_lib_autogen
[0.886s] [ 18%] Built target clusteringDynamicObs_lib_autogen
[0.886s] [35m[1mConsolidate compiler generated dependencies of target visualize_lib[0m
[0.887s] [35m[1mConsolidate compiler generated dependencies of target astar_lib[0m
[0.887s] [35m[1mConsolidate compiler generated dependencies of target obsDetection_lib[0m
[0.889s] [35m[1mConsolidate compiler generated dependencies of target dynamicObstacle_lib[0m
[0.889s] [35m[1mConsolidate compiler generated dependencies of target clusteringDynamicObs_lib[0m
[0.892s] [ 29%] Built target visualize_lib
[0.893s] [ 48%] Built target astar_lib
[0.893s] [ 51%] Built target obsDetection_lib
[0.894s] [ 62%] Built target dynamicObstacle_lib
[0.895s] [ 74%] Built target clusteringDynamicObs_lib
[0.902s] [ 77%] [34m[1mAutomatic MOC and UIC for target simulmain[0m
[1.142s] [ 77%] Built target simulmain_autogen
[1.147s] [35m[1mConsolidate compiler generated dependencies of target simulmain[0m
[1.164s] [ 81%] [32mBuilding CXX object CMakeFiles/simulmain.dir/src/simulmain/mainwindow.cpp.o[0m
[1.164s] [ 85%] [32mBuilding CXX object CMakeFiles/simulmain.dir/simulmain_autogen/mocs_compilation.cpp.o[0m
[1.165s] [ 88%] [32mBuilding CXX object CMakeFiles/simulmain.dir/src/simulmain/qcustomplot.cpp.o[0m
[3.074s] In file included from [01m[K/home/sangjun/camel-amr-projects-UI/src/amr-main-pkg/src/simulmain/mainwindow.cpp:2[m[K:
[3.074s] [01m[K/home/sangjun/camel-amr-projects-UI/src/amr-main-pkg/src/simulmain/ui_mainwindow.h:[m[K In member function â€˜[01m[Kvoid Ui_MainWindow::setupUi(QMainWindow*)[m[Kâ€™:
[3.074s] [01m[K/home/sangjun/camel-amr-projects-UI/src/amr-main-pkg/src/simulmain/ui_mainwindow.h:49:31:[m[K [01;31m[Kerror: [m[Kâ€˜[01m[Kfont1[m[Kâ€™ was not declared in this scope
[3.074s]    49 |         DistanceInfo->setFont([01;31m[Kfont1[m[K);
[3.074s]       |                               [01;31m[K^~~~~[m[K
[3.447s] make[2]: *** [CMakeFiles/simulmain.dir/build.make:118: CMakeFiles/simulmain.dir/src/simulmain/mainwindow.cpp.o] Error 1
[3.447s] make[2]: *** Waiting for unfinished jobs....
[5.669s] [01m[K/home/sangjun/camel-amr-projects-UI/src/amr-main-pkg/src/simulmain/qcustomplot.cpp:[m[K In member function â€˜[01m[KQPointF QCPLabelPainterPrivate::getAnchorPos(const QPointF&)[m[Kâ€™:
[5.669s] [01m[K/home/sangjun/camel-amr-projects-UI/src/amr-main-pkg/src/simulmain/qcustomplot.cpp:5752:13:[m[K [01;35m[Kwarning: [m[Kthis statement may fall through [[01;35m[K-Wimplicit-fallthrough=[m[K]
[5.670s]  5752 |             [01;35m[Kswitch[m[K (mAnchorSide)
[5.670s]       |             [01;35m[K^~~~~~[m[K
[5.670s] [01m[K/home/sangjun/camel-amr-projects-UI/src/amr-main-pkg/src/simulmain/qcustomplot.cpp:5764:9:[m[K [01;36m[Knote: [m[Khere
[5.670s]  5764 |         [01;36m[Kcase[m[K amSkewedUpright:
[5.670s]       |         [01;36m[K^~~~[m[K
[9.918s] make[1]: *** [CMakeFiles/Makefile2:184: CMakeFiles/simulmain.dir/all] Error 2
[9.918s] make: *** [Makefile:146: all] Error 2
[9.929s] Invoked command in '/home/sangjun/camel-amr-projects-UI/build/amr-main-pkg' returned '2': CMAKE_PREFIX_PATH=/home/sangjun/camel-amr-projects-UI/install/amr_msg_interfaces:/home/sangjun/camel-amr-projects-UI/install/amr-main-pkg:/home/sangjun/camel-amr-projects-UI/install/amr-obstacle-pkg:/home/sangjun/camel-amr-projects-UI/install/amr-gazebo-pkg:/opt/ros/foxy:/home/sangjun/catkin_ws/devel:/opt/ros/noetic /usr/local/bin/cmake --build /home/sangjun/camel-amr-projects-UI/build/amr-main-pkg -- -j6 -l6
