[01m[K/home/percy/camel-amr-projects/src/amr-main-pkg/src/simulmain/simul_main.cpp:[m[K In member function â€˜[01m[Kvirtual void CommunicationThread::run()[m[Kâ€™:
[01m[K/home/percy/camel-amr-projects/src/amr-main-pkg/src/simulmain/simul_main.cpp:119:22:[m[K [01;31m[Kerror: [m[Kâ€˜[01m[Kargc[m[Kâ€™ was not declared in this scope
  119 |         rclcpp::init([01;31m[Kargc[m[K, argv);
      |                      [01;31m[K^~~~[m[K
[01m[K/home/percy/camel-amr-projects/src/amr-main-pkg/src/simulmain/simul_main.cpp:119:28:[m[K [01;31m[Kerror: [m[Kâ€˜[01m[Kargv[m[Kâ€™ was not declared in this scope
  119 |         rclcpp::init(argc, [01;31m[Kargv[m[K);
      |                            [01;31m[K^~~~[m[K
make[2]: *** [CMakeFiles/simulmain.dir/build.make:90: CMakeFiles/simulmain.dir/src/simulmain/simul_main.cpp.o] Error 1
make[1]: *** [CMakeFiles/Makefile2:288: CMakeFiles/simulmain.dir/all] Error 2
make: *** [Makefile:146: all] Error 2
