[0.011s] Invoking command in '/home/percy/camel-amr-projects/build/amr-main-pkg': CMAKE_PREFIX_PATH=/home/percy/camel-amr-projects/install/amr_msg_interfaces:/home/percy/camel-amr-projects/install/amr-main-pkg:/home/percy/camel-amr-projects/install/amr-obstacle-pkg:/home/percy/camel-amr-projects/install/amr-gazebo-pkg:/opt/ros/foxy LD_LIBRARY_PATH=/home/percy/camel-amr-projects/install/amr_msg_interfaces/lib:/usr/lib/x86_64-linux-gnu/gazebo-11/plugins:/opt/ros/foxy/opt/yaml_cpp_vendor/lib:/opt/ros/foxy/opt/rviz_ogre_vendor/lib:/opt/ros/foxy/lib/x86_64-linux-gnu:/opt/ros/foxy/lib:home/percy/raisimLib/install/lib PYTHONPATH=/home/percy/camel-amr-projects/install/amr_msg_interfaces/lib/python3.8/site-packages:/opt/ros/foxy/lib/python3.8/site-packages:home/percy/raisimLib/install/lib /usr/local/bin/cmake --build /home/percy/camel-amr-projects/build/amr-main-pkg -- -j6 -l6
[0.035s] [  3%] [34m[1mAutomatic MOC and UIC for target obsDetection_lib[0m
[0.035s] [  7%] [34m[1mAutomatic MOC and UIC for target dynamicObstacle_lib[0m
[0.035s] [ 11%] [34m[1mAutomatic MOC and UIC for target astar_lib[0m
[0.036s] [ 15%] [34m[1mAutomatic MOC and UIC for target visualize_lib[0m
[0.042s] [ 19%] [34m[1mAutomatic MOC and UIC for target clusteringDynamicObs_lib[0m
[0.042s] [ 19%] Built target obsDetection_lib_autogen
[0.043s] [ 19%] Built target dynamicObstacle_lib_autogen
[0.043s] [ 19%] Built target visualize_lib_autogen
[0.045s] [ 19%] Built target astar_lib_autogen
[0.048s] [ 19%] Built target clusteringDynamicObs_lib_autogen
[0.051s] [ 30%] Built target obsDetection_lib
[0.052s] [ 42%] Built target visualize_lib
[0.055s] [ 53%] Built target dynamicObstacle_lib
[0.056s] [ 65%] Built target clusteringDynamicObs_lib
[0.058s] [ 76%] Built target astar_lib
[0.063s] [ 80%] [34m[1mAutomatic MOC and UIC for target simulmain[0m
[0.070s] [ 80%] Built target simulmain_autogen
[0.087s] [ 84%] [32mBuilding CXX object CMakeFiles/simulmain.dir/src/simulmain/simul_main.cpp.o[0m
[1.694s] [01m[K/home/percy/camel-amr-projects/src/amr-main-pkg/src/simulmain/simul_main.cpp:[m[K In member function â€˜[01m[Kvirtual void CommunicationThread::run()[m[Kâ€™:
[1.694s] [01m[K/home/percy/camel-amr-projects/src/amr-main-pkg/src/simulmain/simul_main.cpp:119:22:[m[K [01;31m[Kerror: [m[Kâ€˜[01m[Kargc[m[Kâ€™ was not declared in this scope
[1.694s]   119 |         rclcpp::init([01;31m[Kargc[m[K, argv);
[1.694s]       |                      [01;31m[K^~~~[m[K
[1.695s] [01m[K/home/percy/camel-amr-projects/src/amr-main-pkg/src/simulmain/simul_main.cpp:119:28:[m[K [01;31m[Kerror: [m[Kâ€˜[01m[Kargv[m[Kâ€™ was not declared in this scope
[1.695s]   119 |         rclcpp::init(argc, [01;31m[Kargv[m[K);
[1.695s]       |                            [01;31m[K^~~~[m[K
[3.282s] make[2]: *** [CMakeFiles/simulmain.dir/build.make:90: CMakeFiles/simulmain.dir/src/simulmain/simul_main.cpp.o] Error 1
[3.282s] make[1]: *** [CMakeFiles/Makefile2:288: CMakeFiles/simulmain.dir/all] Error 2
[3.282s] make: *** [Makefile:146: all] Error 2
[3.283s] Invoked command in '/home/percy/camel-amr-projects/build/amr-main-pkg' returned '2': CMAKE_PREFIX_PATH=/home/percy/camel-amr-projects/install/amr_msg_interfaces:/home/percy/camel-amr-projects/install/amr-main-pkg:/home/percy/camel-amr-projects/install/amr-obstacle-pkg:/home/percy/camel-amr-projects/install/amr-gazebo-pkg:/opt/ros/foxy LD_LIBRARY_PATH=/home/percy/camel-amr-projects/install/amr_msg_interfaces/lib:/usr/lib/x86_64-linux-gnu/gazebo-11/plugins:/opt/ros/foxy/opt/yaml_cpp_vendor/lib:/opt/ros/foxy/opt/rviz_ogre_vendor/lib:/opt/ros/foxy/lib/x86_64-linux-gnu:/opt/ros/foxy/lib:home/percy/raisimLib/install/lib PYTHONPATH=/home/percy/camel-amr-projects/install/amr_msg_interfaces/lib/python3.8/site-packages:/opt/ros/foxy/lib/python3.8/site-packages:home/percy/raisimLib/install/lib /usr/local/bin/cmake --build /home/percy/camel-amr-projects/build/amr-main-pkg -- -j6 -l6
