[35m[1mConsolidate compiler generated dependencies of target astar_lib[0m
[ 20%] Built target visualize_lib
[ 40%] Built target obsDetection_lib
[ 60%] Built target dynamicObstacle_lib
[ 70%] [32mBuilding CXX object CMakeFiles/astar_lib.dir/src/astar/Astar.cpp.o[0m
[ 80%] [32m[1mLinking CXX static library libastar_lib.a[0m
[ 80%] Built target astar_lib
[35m[1mConsolidate compiler generated dependencies of target simulmain[0m
[ 90%] [32mBuilding CXX object CMakeFiles/simulmain.dir/src/simulmain/simul_main.cpp.o[0m
[01m[K/home/sangjun/camel-amr-projects-V1/src/amr-main-pkg/src/simulmain/simul_main.cpp:[m[K In member function â€˜[01m[Kvoid ParkingNode::sub_callback(sensor_msgs::msg::LaserScan_<std::allocator<void> >::SharedPtr)[m[Kâ€™:
[01m[K/home/sangjun/camel-amr-projects-V1/src/amr-main-pkg/src/simulmain/simul_main.cpp:37:33:[m[K [01;31m[Kerror: [m[Kâ€˜[01m[Kgrid[m[Kâ€™ was not declared in this scope
   37 |     int xAstar = int((xpos+10)*([01;31m[Kgrid[m[K/20));
      |                                 [01;31m[K^~~~[m[K
[01m[K/home/sangjun/camel-amr-projects-V1/src/amr-main-pkg/src/simulmain/simul_main.cpp:40:19:[m[K [01;31m[Kerror: [m[Kâ€˜[01m[KDestx[m[Kâ€™ was not declared in this scope
   40 |     if(abs(xAstar-[01;31m[KDestx[m[K[count]) < 5 && abs(yAstar-Desty[count]) < 5)
      |                   [01;31m[K^~~~~[m[K
[01m[K/home/sangjun/camel-amr-projects-V1/src/amr-main-pkg/src/simulmain/simul_main.cpp:40:51:[m[K [01;31m[Kerror: [m[Kâ€˜[01m[KDesty[m[Kâ€™ was not declared in this scope
   40 |     if(abs(xAstar-Destx[count]) < 5 && abs(yAstar-[01;31m[KDesty[m[K[count]) < 5)
      |                                                   [01;31m[K^~~~~[m[K
[01m[K/home/sangjun/camel-amr-projects-V1/src/amr-main-pkg/src/simulmain/simul_main.cpp:42:9:[m[K [01;31m[Kerror: [m[Kâ€˜[01m[KMapmatrix[m[Kâ€™ was not declared in this scope
   42 |         [01;31m[KMapmatrix[m[K[Destx[count]][Desty[count]] = 0;
      |         [01;31m[K^~~~~~~~~[m[K
[01m[K/home/sangjun/camel-amr-projects-V1/src/amr-main-pkg/src/simulmain/simul_main.cpp:48:9:[m[K [01;31m[Kerror: [m[Kâ€˜[01m[KstartAstar[m[Kâ€™ was not declared in this scope; did you mean â€˜[01m[Kstrstr[m[Kâ€™?
   48 |         [01;31m[KstartAstar[m[K(xAstar, yAstar);
      |         [01;31m[K^~~~~~~~~~[m[K
      |         [32m[Kstrstr[m[K
[01m[K/home/sangjun/camel-amr-projects-V1/src/amr-main-pkg/src/simulmain/simul_main.cpp:52:9:[m[K [01;31m[Kerror: [m[Kâ€˜[01m[KstartAstar[m[Kâ€™ was not declared in this scope; did you mean â€˜[01m[Kstrstr[m[Kâ€™?
   52 |         [01;31m[KstartAstar[m[K(xAstar, yAstar);
      |         [01;31m[K^~~~~~~~~~[m[K
      |         [32m[Kstrstr[m[K
[01m[K/home/sangjun/camel-amr-projects-V1/src/amr-main-pkg/src/simulmain/simul_main.cpp:35:59:[m[K [01;35m[Kwarning: [m[Kunused parameter â€˜[01m[Kmsg[m[Kâ€™ [[01;35m[K-Wunused-parameter[m[K]
   35 | void ParkingNode::sub_callback([01;35m[Kconst LaserScan::SharedPtr msg[m[K)
      |                                [01;35m[K~~~~~~~~~~~~~~~~~~~~~~~~~~~^~~[m[K
make[2]: *** [CMakeFiles/simulmain.dir/build.make:76: CMakeFiles/simulmain.dir/src/simulmain/simul_main.cpp.o] Error 1
make[1]: *** [CMakeFiles/Makefile2:174: CMakeFiles/simulmain.dir/all] Error 2
make: *** [Makefile:146: all] Error 2
