[ 20%] Built target dynamicObstacle_lib
[ 40%] Built target astar_lib
[ 60%] Built target visualize_lib
[ 80%] Built target obsDetection_lib
[35m[1mConsolidate compiler generated dependencies of target simulmain[0m
[ 90%] [32mBuilding CXX object CMakeFiles/simulmain.dir/src/simulmain/simul_main.cpp.o[0m
[01m[K/home/sangjun/camel-amr-projects-V1/src/amr-main-pkg/src/simulmain/simul_main.cpp:[m[K In member function â€˜[01m[Kvoid ParkingNode::sub_callback(sensor_msgs::msg::LaserScan_<std::allocator<void> >::SharedPtr)[m[Kâ€™:
[01m[K/home/sangjun/camel-amr-projects-V1/src/amr-main-pkg/src/simulmain/simul_main.cpp:72:20:[m[K [01;35m[Kwarning: [m[Kvariable â€˜[01m[Knext_pos[m[Kâ€™ set but not used [[01;35m[K-Wunused-but-set-variable[m[K]
   72 |         coordinate [01;35m[Knext_pos[m[K = traj.top();
      |                    [01;35m[K^~~~~~~~[m[K
[01m[K/home/sangjun/camel-amr-projects-V1/src/amr-main-pkg/src/simulmain/simul_main.cpp:36:59:[m[K [01;35m[Kwarning: [m[Kunused parameter â€˜[01m[Kmsg[m[Kâ€™ [[01;35m[K-Wunused-parameter[m[K]
   36 | void ParkingNode::sub_callback([01;35m[Kconst LaserScan::SharedPtr msg[m[K)
      |                                [01;35m[K~~~~~~~~~~~~~~~~~~~~~~~~~~~^~~[m[K
[01m[K/home/sangjun/camel-amr-projects-V1/src/amr-main-pkg/src/simulmain/simul_main.cpp:[m[K In member function â€˜[01m[Kint ParkingNode::star_position(int, int)[m[Kâ€™:
[01m[K/home/sangjun/camel-amr-projects-V1/src/amr-main-pkg/src/simulmain/simul_main.cpp:111:28:[m[K [01;31m[Kerror: [m[Kâ€˜[01m[Kdx1[m[Kâ€™ was not declared in this scope
  111 |         if (map[CurrentX + [01;31m[Kdx1[m[K[i]][CurrentY + dy1[i]] == '*') {
      |                            [01;31m[K^~~[m[K
[01m[K/home/sangjun/camel-amr-projects-V1/src/amr-main-pkg/src/simulmain/simul_main.cpp:111:47:[m[K [01;31m[Kerror: [m[Kâ€˜[01m[Kdy1[m[Kâ€™ was not declared in this scope; did you mean â€˜[01m[Ky1[m[Kâ€™?
  111 |         if (map[CurrentX + dx1[i]][CurrentY + [01;31m[Kdy1[m[K[i]] == '*') {
      |                                               [01;31m[K^~~[m[K
      |                                               [32m[Ky1[m[K
[01m[K/home/sangjun/camel-amr-projects-V1/src/amr-main-pkg/src/simulmain/simul_main.cpp:114:28:[m[K [01;31m[Kerror: [m[Kâ€˜[01m[Kdx2[m[Kâ€™ was not declared in this scope
  114 |         if (map[CurrentX + [01;31m[Kdx2[m[K[i]][CurrentY + dy2[i]] == '*') {
      |                            [01;31m[K^~~[m[K
[01m[K/home/sangjun/camel-amr-projects-V1/src/amr-main-pkg/src/simulmain/simul_main.cpp:114:47:[m[K [01;31m[Kerror: [m[Kâ€˜[01m[Kdy2[m[Kâ€™ was not declared in this scope
  114 |         if (map[CurrentX + dx2[i]][CurrentY + [01;31m[Kdy2[m[K[i]] == '*') {
      |                                               [01;31m[K^~~[m[K
[01m[K/home/sangjun/camel-amr-projects-V1/src/amr-main-pkg/src/simulmain/simul_main.cpp:[m[K In member function â€˜[01m[Kvoid ParkingNode::control_star_position(int)[m[Kâ€™:
[01m[K/home/sangjun/camel-amr-projects-V1/src/amr-main-pkg/src/simulmain/simul_main.cpp:125:9:[m[K [01;31m[Kerror: [m[Kâ€˜[01m[Kstop_robot[m[Kâ€™ was not declared in this scope
  125 |         [01;31m[Kstop_robot[m[K();
      |         [01;31m[K^~~~~~~~~~[m[K
[01m[K/home/sangjun/camel-amr-projects-V1/src/amr-main-pkg/src/simulmain/simul_main.cpp:128:19:[m[K [01;31m[Kerror: [m[Kâ€˜[01m[Kdirection[m[Kâ€™ was not declared in this scope; did you mean â€˜[01m[Ksigaction[m[Kâ€™?
  128 |     float value = [01;31m[Kdirection[m[K[dict] - heading;
      |                   [01;31m[K^~~~~~~~~[m[K
      |                   [32m[Ksigaction[m[K
[01m[K/home/sangjun/camel-amr-projects-V1/src/amr-main-pkg/src/simulmain/simul_main.cpp:129:42:[m[K [01;31m[Kerror: [m[Kâ€˜[01m[KPI[m[Kâ€™ was not declared in this scope
  129 |     if (value > 3.14) {value = value - 2*[01;31m[KPI[m[K;}
      |                                          [01;31m[K^~[m[K
[01m[K/home/sangjun/camel-amr-projects-V1/src/amr-main-pkg/src/simulmain/simul_main.cpp:130:48:[m[K [01;31m[Kerror: [m[Kâ€˜[01m[KPI[m[Kâ€™ was not declared in this scope
  130 |     else if (value < -3.14) {value = value + 2*[01;31m[KPI[m[K;}
      |                                                [01;31m[K^~[m[K
[01m[K/home/sangjun/camel-amr-projects-V1/src/amr-main-pkg/src/simulmain/simul_main.cpp:134:9:[m[K [01;31m[Kerror: [m[Kâ€˜[01m[Km_twist_msg[m[Kâ€™ was not declared in this scope
  134 |         [01;31m[Km_twist_msg[m[K.linear.x = 0.4;
      |         [01;31m[K^~~~~~~~~~~[m[K
make[2]: *** [CMakeFiles/simulmain.dir/build.make:76: CMakeFiles/simulmain.dir/src/simulmain/simul_main.cpp.o] Error 1
make[1]: *** [CMakeFiles/Makefile2:174: CMakeFiles/simulmain.dir/all] Error 2
make: *** [Makefile:146: all] Error 2
