[  3%] [34m[1mAutomatic MOC and UIC for target astar_lib[0m
[  7%] [34m[1mAutomatic MOC and UIC for target visualize_lib[0m
[ 11%] [34m[1mAutomatic MOC and UIC for target dynamicObstacle_lib[0m
[ 15%] [34m[1mAutomatic MOC and UIC for target clusteringDynamicObs_lib[0m
[ 19%] [34m[1mAutomatic MOC and UIC for target obsDetection_lib[0m
[ 19%] Built target dynamicObstacle_lib_autogen
[ 19%] Built target clusteringDynamicObs_lib_autogen
[ 19%] Built target astar_lib_autogen
[ 19%] Built target visualize_lib_autogen
[ 19%] Built target obsDetection_lib_autogen
[ 30%] Built target dynamicObstacle_lib
[ 42%] Built target astar_lib
[ 53%] Built target clusteringDynamicObs_lib
[ 65%] Built target visualize_lib
[ 76%] Built target obsDetection_lib
[ 80%] [34m[1mAutomatic MOC and UIC for target simulmain[0m
[ 80%] Built target simulmain_autogen
[ 84%] [32mBuilding CXX object CMakeFiles/simulmain.dir/simulmain_autogen/mocs_compilation.cpp.o[0m
[ 88%] [32mBuilding CXX object CMakeFiles/simulmain.dir/src/simulmain/simul_main.cpp.o[0m
[ 92%] [32mBuilding CXX object CMakeFiles/simulmain.dir/src/simulmain/mainwindow.cpp.o[0m
In file included from [01m[K/home/dongju/camel-amr-projects/src/amr-main-pkg/src/simulmain/mainwindow.h:6[m[K,
                 from [01m[K/home/dongju/camel-amr-projects/src/amr-main-pkg/src/simulmain/simul_main.cpp:5[m[K:
[01m[K/home/dongju/camel-amr-projects/src/amr-main-pkg/src/simulmain/SharedMemory.h:8:1:[m[K [01;31m[Kerror: [m[Kâ€˜[01m[Ktypdef[m[Kâ€™ does not name a type; did you mean â€˜[01m[Ktypeof[m[Kâ€™?
    8 | [01;31m[Ktypdef[m[K struct _SHM_
      | [01;31m[K^~~~~~[m[K
      | [32m[Ktypeof[m[K
[01m[K/home/dongju/camel-amr-projects/src/amr-main-pkg/src/simulmain/SharedMemory.h:12:3:[m[K [01;31m[Kerror: [m[Kâ€˜[01m[KSHM[m[Kâ€™ does not name a type
   12 | } [01;31m[KSHM[m[K, *pSHM;
      |   [01;31m[K^~~[m[K
In file included from [01m[K/home/dongju/camel-amr-projects/src/amr-main-pkg/src/simulmain/mainwindow.h:6[m[K,
                 from [01m[K/home/dongju/camel-amr-projects/src/amr-main-pkg/src/simulmain/mainwindow.cpp:1[m[K:
[01m[K/home/dongju/camel-amr-projects/src/amr-main-pkg/src/simulmain/SharedMemory.h:8:1:[m[K [01;31m[Kerror: [m[Kâ€˜[01m[Ktypdef[m[Kâ€™ does not name a type; did you mean â€˜[01m[Ktypeof[m[Kâ€™?
    8 | [01;31m[Ktypdef[m[K struct _SHM_
      | [01;31m[K^~~~~~[m[K
      | [32m[Ktypeof[m[K
[01m[K/home/dongju/camel-amr-projects/src/amr-main-pkg/src/simulmain/SharedMemory.h:12:3:[m[K [01;31m[Kerror: [m[Kâ€˜[01m[KSHM[m[Kâ€™ does not name a type
   12 | } [01;31m[KSHM[m[K, *pSHM;
      |   [01;31m[K^~~[m[K
[01m[K/home/dongju/camel-amr-projects/src/amr-main-pkg/src/simulmain/simul_main.cpp:11:1:[m[K [01;31m[Kerror: [m[Kâ€˜[01m[KpSHM[m[Kâ€™ does not name a type
   11 | [01;31m[KpSHM[m[K sharedMemory;
      | [01;31m[K^~~~[m[K
[01m[K/home/dongju/camel-amr-projects/src/amr-main-pkg/src/simulmain/simul_main.cpp:[m[K In member function â€˜[01m[Kvoid ParkingNode::sub_callback(sensor_msgs::msg::LaserScan_<std::allocator<void> >::SharedPtr)[m[Kâ€™:
[01m[K/home/dongju/camel-amr-projects/src/amr-main-pkg/src/simulmain/simul_main.cpp:47:65:[m[K [01;31m[Kerror: [m[Kâ€˜[01m[KsharedMemory[m[Kâ€™ was not declared in this scope
   47 |     Cluster.UpdateDynamicObstacle(msg->ranges, ASTAR.Mapmatrix, [01;31m[KsharedMemory[m[K->heading, xpos, ypos, MapCounter);
      |                                                                 [01;31m[K^~~~~~~~~~~~[m[K
[01m[K/home/dongju/camel-amr-projects/src/amr-main-pkg/src/simulmain/simul_main.cpp:[m[K In member function â€˜[01m[Kvoid ParkingNode::odom_callback(nav_msgs::msg::Odometry_<std::allocator<void> >::SharedPtr)[m[Kâ€™:
[01m[K/home/dongju/camel-amr-projects/src/amr-main-pkg/src/simulmain/simul_main.cpp:72:5:[m[K [01;31m[Kerror: [m[Kâ€˜[01m[KsharedMemory[m[Kâ€™ was not declared in this scope
   72 |     [01;31m[KsharedMemory[m[K->heading = yaw;
      |     [01;31m[K^~~~~~~~~~~~[m[K
[01m[K/home/dongju/camel-amr-projects/src/amr-main-pkg/src/simulmain/simul_main.cpp:[m[K In member function â€˜[01m[Kvoid ParkingNode::control_star_position(int)[m[Kâ€™:
[01m[K/home/dongju/camel-amr-projects/src/amr-main-pkg/src/simulmain/simul_main.cpp:98:43:[m[K [01;31m[Kerror: [m[Kâ€˜[01m[KsharedMemory[m[Kâ€™ was not declared in this scope
   98 |     float value = ASTAR.direction[dict] - [01;31m[KsharedMemory[m[K->heading;
      |                                           [01;31m[K^~~~~~~~~~~~[m[K
[01m[K/home/dongju/camel-amr-projects/src/amr-main-pkg/src/simulmain/simul_main.cpp:[m[K In function â€˜[01m[Kvoid clearSharedMemory()[m[Kâ€™:
[01m[K/home/dongju/camel-amr-projects/src/amr-main-pkg/src/simulmain/simul_main.cpp:112:5:[m[K [01;31m[Kerror: [m[Kâ€˜[01m[KsharedMemory[m[Kâ€™ was not declared in this scope; did you mean â€˜[01m[KclearSharedMemory[m[Kâ€™?
  112 |     [01;31m[KsharedMemory[m[K->heading = 0;
      |     [01;31m[K^~~~~~~~~~~~[m[K
      |     [32m[KclearSharedMemory[m[K
[01m[K/home/dongju/camel-amr-projects/src/amr-main-pkg/src/simulmain/mainwindow.cpp:6:8:[m[K [01;31m[Kerror: [m[Kâ€˜[01m[KpSHM[m[Kâ€™ does not name a type
    6 | extern [01;31m[KpSHM[m[K sharedMemory;
      |        [01;31m[K^~~~[m[K
[01m[K/home/dongju/camel-amr-projects/src/amr-main-pkg/src/simulmain/mainwindow.cpp:[m[K In member function â€˜[01m[Kvoid MainWindow::updateValue()[m[Kâ€™:
[01m[K/home/dongju/camel-amr-projects/src/amr-main-pkg/src/simulmain/mainwindow.cpp:29:23:[m[K [01;31m[Kerror: [m[Kâ€˜[01m[KsharedMemory[m[Kâ€™ was not declared in this scope
   29 |     int randomValue = [01;31m[KsharedMemory[m[K->heading;
      |                       [01;31m[K^~~~~~~~~~~~[m[K
In file included from [01m[K/home/dongju/camel-amr-projects/build/amr-main-pkg/simulmain_autogen/ITIM7IFCI6/../../../../src/amr-main-pkg/src/simulmain/mainwindow.h:6[m[K,
                 from [01m[K/home/dongju/camel-amr-projects/build/amr-main-pkg/simulmain_autogen/ITIM7IFCI6/moc_mainwindow.cpp:9[m[K,
                 from [01m[K/home/dongju/camel-amr-projects/build/amr-main-pkg/simulmain_autogen/mocs_compilation.cpp:2[m[K:
[01m[K/home/dongju/camel-amr-projects/build/amr-main-pkg/simulmain_autogen/ITIM7IFCI6/../../../../src/amr-main-pkg/src/simulmain/SharedMemory.h:8:1:[m[K [01;31m[Kerror: [m[Kâ€˜[01m[Ktypdef[m[Kâ€™ does not name a type; did you mean â€˜[01m[Ktypeof[m[Kâ€™?
    8 | [01;31m[Ktypdef[m[K struct _SHM_
      | [01;31m[K^~~~~~[m[K
      | [32m[Ktypeof[m[K
[01m[K/home/dongju/camel-amr-projects/build/amr-main-pkg/simulmain_autogen/ITIM7IFCI6/../../../../src/amr-main-pkg/src/simulmain/SharedMemory.h:12:3:[m[K [01;31m[Kerror: [m[Kâ€˜[01m[KSHM[m[Kâ€™ does not name a type
   12 | } [01;31m[KSHM[m[K, *pSHM;
      |   [01;31m[K^~~[m[K
make[2]: *** [CMakeFiles/simulmain.dir/build.make:104: CMakeFiles/simulmain.dir/src/simulmain/mainwindow.cpp.o] Error 1
make[2]: *** Waiting for unfinished jobs....
make[2]: *** [CMakeFiles/simulmain.dir/build.make:90: CMakeFiles/simulmain.dir/src/simulmain/simul_main.cpp.o] Error 1
make[2]: *** [CMakeFiles/simulmain.dir/build.make:76: CMakeFiles/simulmain.dir/simulmain_autogen/mocs_compilation.cpp.o] Error 1
make[1]: *** [CMakeFiles/Makefile2:288: CMakeFiles/simulmain.dir/all] Error 2
make: *** [Makefile:146: all] Error 2
