[0.009s] Invoking command in '/home/dongju/camel-amr-projects/build/amr-main-pkg': AMENT_PREFIX_PATH=/home/dongju/camel-amr-projects/install/amr_msg_interfaces:${AMENT_PREFIX_PATH} CMAKE_PREFIX_PATH=/home/dongju/camel-amr-projects/install/amr_msg_interfaces:/opt/ros/foxy LD_LIBRARY_PATH=/home/dongju/camel-amr-projects/install/amr_msg_interfaces/lib:/usr/lib/x86_64-linux-gnu/gazebo-11/plugins:/opt/ros/foxy/opt/yaml_cpp_vendor/lib:/opt/ros/foxy/opt/rviz_ogre_vendor/lib:/opt/ros/foxy/lib/x86_64-linux-gnu:/opt/ros/foxy/lib:home/dongju/raisimLib/install/lib PYTHONPATH=/home/dongju/camel-amr-projects/install/amr_msg_interfaces/lib/python3.8/site-packages:/opt/ros/foxy/lib/python3.8/site-packages:home/dongju/raisimLib/install/lib /usr/local/bin/cmake --build /home/dongju/camel-amr-projects/build/amr-main-pkg -- -j10 -l10
[0.028s] [  3%] [34m[1mAutomatic MOC and UIC for target astar_lib[0m
[0.028s] [  7%] [34m[1mAutomatic MOC and UIC for target visualize_lib[0m
[0.029s] [ 11%] [34m[1mAutomatic MOC and UIC for target dynamicObstacle_lib[0m
[0.029s] [ 15%] [34m[1mAutomatic MOC and UIC for target clusteringDynamicObs_lib[0m
[0.029s] [ 19%] [34m[1mAutomatic MOC and UIC for target obsDetection_lib[0m
[0.039s] [ 19%] Built target dynamicObstacle_lib_autogen
[0.039s] [ 19%] Built target clusteringDynamicObs_lib_autogen
[0.039s] [ 19%] Built target astar_lib_autogen
[0.039s] [ 19%] Built target visualize_lib_autogen
[0.041s] [ 19%] Built target obsDetection_lib_autogen
[0.048s] [ 30%] Built target dynamicObstacle_lib
[0.048s] [ 42%] Built target astar_lib
[0.049s] [ 53%] Built target clusteringDynamicObs_lib
[0.049s] [ 65%] Built target visualize_lib
[0.049s] [ 76%] Built target obsDetection_lib
[0.056s] [ 80%] [34m[1mAutomatic MOC and UIC for target simulmain[0m
[0.323s] [ 80%] Built target simulmain_autogen
[0.353s] [ 84%] [32mBuilding CXX object CMakeFiles/simulmain.dir/simulmain_autogen/mocs_compilation.cpp.o[0m
[0.353s] [ 88%] [32mBuilding CXX object CMakeFiles/simulmain.dir/src/simulmain/simul_main.cpp.o[0m
[0.354s] [ 92%] [32mBuilding CXX object CMakeFiles/simulmain.dir/src/simulmain/mainwindow.cpp.o[0m
[2.226s] In file included from [01m[K/home/dongju/camel-amr-projects/src/amr-main-pkg/src/simulmain/mainwindow.h:6[m[K,
[2.226s]                  from [01m[K/home/dongju/camel-amr-projects/src/amr-main-pkg/src/simulmain/simul_main.cpp:5[m[K:
[2.226s] [01m[K/home/dongju/camel-amr-projects/src/amr-main-pkg/src/simulmain/SharedMemory.h:8:1:[m[K [01;31m[Kerror: [m[Kâ€˜[01m[Ktypdef[m[Kâ€™ does not name a type; did you mean â€˜[01m[Ktypeof[m[Kâ€™?
[2.226s]     8 | [01;31m[Ktypdef[m[K struct _SHM_
[2.226s]       | [01;31m[K^~~~~~[m[K
[2.227s]       | [32m[Ktypeof[m[K
[2.227s] [01m[K/home/dongju/camel-amr-projects/src/amr-main-pkg/src/simulmain/SharedMemory.h:12:3:[m[K [01;31m[Kerror: [m[Kâ€˜[01m[KSHM[m[Kâ€™ does not name a type
[2.227s]    12 | } [01;31m[KSHM[m[K, *pSHM;
[2.227s]       |   [01;31m[K^~~[m[K
[2.262s] In file included from [01m[K/home/dongju/camel-amr-projects/src/amr-main-pkg/src/simulmain/mainwindow.h:6[m[K,
[2.262s]                  from [01m[K/home/dongju/camel-amr-projects/src/amr-main-pkg/src/simulmain/mainwindow.cpp:1[m[K:
[2.262s] [01m[K/home/dongju/camel-amr-projects/src/amr-main-pkg/src/simulmain/SharedMemory.h:8:1:[m[K [01;31m[Kerror: [m[Kâ€˜[01m[Ktypdef[m[Kâ€™ does not name a type; did you mean â€˜[01m[Ktypeof[m[Kâ€™?
[2.262s]     8 | [01;31m[Ktypdef[m[K struct _SHM_
[2.262s]       | [01;31m[K^~~~~~[m[K
[2.262s]       | [32m[Ktypeof[m[K
[2.263s] [01m[K/home/dongju/camel-amr-projects/src/amr-main-pkg/src/simulmain/SharedMemory.h:12:3:[m[K [01;31m[Kerror: [m[Kâ€˜[01m[KSHM[m[Kâ€™ does not name a type
[2.263s]    12 | } [01;31m[KSHM[m[K, *pSHM;
[2.263s]       |   [01;31m[K^~~[m[K
[2.268s] [01m[K/home/dongju/camel-amr-projects/src/amr-main-pkg/src/simulmain/simul_main.cpp:11:1:[m[K [01;31m[Kerror: [m[Kâ€˜[01m[KpSHM[m[Kâ€™ does not name a type
[2.268s]    11 | [01;31m[KpSHM[m[K sharedMemory;
[2.268s]       | [01;31m[K^~~~[m[K
[2.289s] [01m[K/home/dongju/camel-amr-projects/src/amr-main-pkg/src/simulmain/simul_main.cpp:[m[K In member function â€˜[01m[Kvoid ParkingNode::sub_callback(sensor_msgs::msg::LaserScan_<std::allocator<void> >::SharedPtr)[m[Kâ€™:
[2.289s] [01m[K/home/dongju/camel-amr-projects/src/amr-main-pkg/src/simulmain/simul_main.cpp:47:65:[m[K [01;31m[Kerror: [m[Kâ€˜[01m[KsharedMemory[m[Kâ€™ was not declared in this scope
[2.289s]    47 |     Cluster.UpdateDynamicObstacle(msg->ranges, ASTAR.Mapmatrix, [01;31m[KsharedMemory[m[K->heading, xpos, ypos, MapCounter);
[2.289s]       |                                                                 [01;31m[K^~~~~~~~~~~~[m[K
[2.296s] [01m[K/home/dongju/camel-amr-projects/src/amr-main-pkg/src/simulmain/simul_main.cpp:[m[K In member function â€˜[01m[Kvoid ParkingNode::odom_callback(nav_msgs::msg::Odometry_<std::allocator<void> >::SharedPtr)[m[Kâ€™:
[2.296s] [01m[K/home/dongju/camel-amr-projects/src/amr-main-pkg/src/simulmain/simul_main.cpp:72:5:[m[K [01;31m[Kerror: [m[Kâ€˜[01m[KsharedMemory[m[Kâ€™ was not declared in this scope
[2.296s]    72 |     [01;31m[KsharedMemory[m[K->heading = yaw;
[2.296s]       |     [01;31m[K^~~~~~~~~~~~[m[K
[2.300s] [01m[K/home/dongju/camel-amr-projects/src/amr-main-pkg/src/simulmain/simul_main.cpp:[m[K In member function â€˜[01m[Kvoid ParkingNode::control_star_position(int)[m[Kâ€™:
[2.300s] [01m[K/home/dongju/camel-amr-projects/src/amr-main-pkg/src/simulmain/simul_main.cpp:98:43:[m[K [01;31m[Kerror: [m[Kâ€˜[01m[KsharedMemory[m[Kâ€™ was not declared in this scope
[2.300s]    98 |     float value = ASTAR.direction[dict] - [01;31m[KsharedMemory[m[K->heading;
[2.300s]       |                                           [01;31m[K^~~~~~~~~~~~[m[K
[2.310s] [01m[K/home/dongju/camel-amr-projects/src/amr-main-pkg/src/simulmain/simul_main.cpp:[m[K In function â€˜[01m[Kvoid clearSharedMemory()[m[Kâ€™:
[2.311s] [01m[K/home/dongju/camel-amr-projects/src/amr-main-pkg/src/simulmain/simul_main.cpp:112:5:[m[K [01;31m[Kerror: [m[Kâ€˜[01m[KsharedMemory[m[Kâ€™ was not declared in this scope; did you mean â€˜[01m[KclearSharedMemory[m[Kâ€™?
[2.311s]   112 |     [01;31m[KsharedMemory[m[K->heading = 0;
[2.311s]       |     [01;31m[K^~~~~~~~~~~~[m[K
[2.311s]       |     [32m[KclearSharedMemory[m[K
[2.315s] [01m[K/home/dongju/camel-amr-projects/src/amr-main-pkg/src/simulmain/mainwindow.cpp:6:8:[m[K [01;31m[Kerror: [m[Kâ€˜[01m[KpSHM[m[Kâ€™ does not name a type
[2.315s]     6 | extern [01;31m[KpSHM[m[K sharedMemory;
[2.315s]       |        [01;31m[K^~~~[m[K
[2.320s] [01m[K/home/dongju/camel-amr-projects/src/amr-main-pkg/src/simulmain/mainwindow.cpp:[m[K In member function â€˜[01m[Kvoid MainWindow::updateValue()[m[Kâ€™:
[2.320s] [01m[K/home/dongju/camel-amr-projects/src/amr-main-pkg/src/simulmain/mainwindow.cpp:29:23:[m[K [01;31m[Kerror: [m[Kâ€˜[01m[KsharedMemory[m[Kâ€™ was not declared in this scope
[2.320s]    29 |     int randomValue = [01;31m[KsharedMemory[m[K->heading;
[2.320s]       |                       [01;31m[K^~~~~~~~~~~~[m[K
[2.448s] In file included from [01m[K/home/dongju/camel-amr-projects/build/amr-main-pkg/simulmain_autogen/ITIM7IFCI6/../../../../src/amr-main-pkg/src/simulmain/mainwindow.h:6[m[K,
[2.448s]                  from [01m[K/home/dongju/camel-amr-projects/build/amr-main-pkg/simulmain_autogen/ITIM7IFCI6/moc_mainwindow.cpp:9[m[K,
[2.449s]                  from [01m[K/home/dongju/camel-amr-projects/build/amr-main-pkg/simulmain_autogen/mocs_compilation.cpp:2[m[K:
[2.449s] [01m[K/home/dongju/camel-amr-projects/build/amr-main-pkg/simulmain_autogen/ITIM7IFCI6/../../../../src/amr-main-pkg/src/simulmain/SharedMemory.h:8:1:[m[K [01;31m[Kerror: [m[Kâ€˜[01m[Ktypdef[m[Kâ€™ does not name a type; did you mean â€˜[01m[Ktypeof[m[Kâ€™?
[2.449s]     8 | [01;31m[Ktypdef[m[K struct _SHM_
[2.449s]       | [01;31m[K^~~~~~[m[K
[2.449s]       | [32m[Ktypeof[m[K
[2.450s] [01m[K/home/dongju/camel-amr-projects/build/amr-main-pkg/simulmain_autogen/ITIM7IFCI6/../../../../src/amr-main-pkg/src/simulmain/SharedMemory.h:12:3:[m[K [01;31m[Kerror: [m[Kâ€˜[01m[KSHM[m[Kâ€™ does not name a type
[2.450s]    12 | } [01;31m[KSHM[m[K, *pSHM;
[2.450s]       |   [01;31m[K^~~[m[K
[2.731s] make[2]: *** [CMakeFiles/simulmain.dir/build.make:104: CMakeFiles/simulmain.dir/src/simulmain/mainwindow.cpp.o] Error 1
[2.731s] make[2]: *** Waiting for unfinished jobs....
[4.105s] make[2]: *** [CMakeFiles/simulmain.dir/build.make:90: CMakeFiles/simulmain.dir/src/simulmain/simul_main.cpp.o] Error 1
[4.506s] make[2]: *** [CMakeFiles/simulmain.dir/build.make:76: CMakeFiles/simulmain.dir/simulmain_autogen/mocs_compilation.cpp.o] Error 1
[4.506s] make[1]: *** [CMakeFiles/Makefile2:288: CMakeFiles/simulmain.dir/all] Error 2
[4.507s] make: *** [Makefile:146: all] Error 2
[4.508s] Invoked command in '/home/dongju/camel-amr-projects/build/amr-main-pkg' returned '2': AMENT_PREFIX_PATH=/home/dongju/camel-amr-projects/install/amr_msg_interfaces:${AMENT_PREFIX_PATH} CMAKE_PREFIX_PATH=/home/dongju/camel-amr-projects/install/amr_msg_interfaces:/opt/ros/foxy LD_LIBRARY_PATH=/home/dongju/camel-amr-projects/install/amr_msg_interfaces/lib:/usr/lib/x86_64-linux-gnu/gazebo-11/plugins:/opt/ros/foxy/opt/yaml_cpp_vendor/lib:/opt/ros/foxy/opt/rviz_ogre_vendor/lib:/opt/ros/foxy/lib/x86_64-linux-gnu:/opt/ros/foxy/lib:home/dongju/raisimLib/install/lib PYTHONPATH=/home/dongju/camel-amr-projects/install/amr_msg_interfaces/lib/python3.8/site-packages:/opt/ros/foxy/lib/python3.8/site-packages:home/dongju/raisimLib/install/lib /usr/local/bin/cmake --build /home/dongju/camel-amr-projects/build/amr-main-pkg -- -j10 -l10
