[0.015s] Invoking command in '/home/dongju/camel-amr-projects/build/amr-obstacle-pkg': /usr/local/bin/cmake --build /home/dongju/camel-amr-projects/build/amr-obstacle-pkg -- -j10 -l10
[0.029s] -- Found ament_cmake: 0.9.12 (/opt/ros/foxy/share/ament_cmake/cmake)
[0.050s] -- Using PYTHON_EXECUTABLE: /usr/bin/python3
[0.176s] Traceback (most recent call last):
[0.176s]   File "/opt/ros/foxy/share/ament_cmake_core/cmake/package_templates/templates_2_cmake.py", line 21, in <module>
[0.176s]     from ament_package.templates import get_environment_hook_template_path
[0.176s] ModuleNotFoundError: No module named 'ament_package'
[0.191s] [31mCMake Error at /opt/ros/foxy/share/ament_cmake_core/cmake/ament_cmake_package_templates-extras.cmake:41 (message):
[0.191s]   execute_process(/usr/bin/python3
[0.191s]   /opt/ros/foxy/share/ament_cmake_core/cmake/package_templates/templates_2_cmake.py
[0.191s]   /home/dongju/camel-amr-projects/build/amr-obstacle-pkg/ament_cmake_package_templates/templates.cmake)
[0.191s]   returned error code 1
[0.192s] Call Stack (most recent call first):
[0.192s]   /opt/ros/foxy/share/ament_cmake_core/cmake/ament_cmake_coreConfig.cmake:41 (include)
[0.192s]   /opt/ros/foxy/share/ament_cmake/cmake/ament_cmake_export_dependencies-extras.cmake:15 (find_package)
[0.192s]   /opt/ros/foxy/share/ament_cmake/cmake/ament_cmakeConfig.cmake:41 (include)
[0.192s]   CMakeLists.txt:19 (find_package)
[0.192s] 
[0.193s] [0m
[0.194s] -- Configuring incomplete, errors occurred!
[0.194s] make: *** [Makefile:308: cmake_check_build_system] Error 1
[0.205s] Invoked command in '/home/dongju/camel-amr-projects/build/amr-obstacle-pkg' returned '2': /usr/local/bin/cmake --build /home/dongju/camel-amr-projects/build/amr-obstacle-pkg -- -j10 -l10
