[01m[K/home/sangjun/camel-amr-projects-V1/src/amr-main-pkg/src/simulmain/simul_main.cpp:[m[K In member function â€˜[01m[Kvoid ParkingNode::sub_callback(sensor_msgs::msg::LaserScan_<std::allocator<void> >::SharedPtr)[m[Kâ€™:
[01m[K/home/sangjun/camel-amr-projects-V1/src/amr-main-pkg/src/simulmain/simul_main.cpp:37:33:[m[K [01;31m[Kerror: [m[Kâ€˜[01m[KAstar[m[Kâ€™ was not declared in this scope; did you mean â€˜[01m[KxAstar[m[Kâ€™?
   37 |     int xAstar = int((xpos+10)*([01;31m[KAstar[m[K.grid/20));
      |                                 [01;31m[K^~~~~[m[K
      |                                 [32m[KxAstar[m[K
[01m[K/home/sangjun/camel-amr-projects-V1/src/amr-main-pkg/src/simulmain/simul_main.cpp:42:25:[m[K [01;31m[Kerror: [m[Kâ€˜[01m[KDestx[m[Kâ€™ was not declared in this scope
   42 |         Astar.Mapmatrix[[01;31m[KDestx[m[K[count]][Desty[count]] = 0;
      |                         [01;31m[K^~~~~[m[K
[01m[K/home/sangjun/camel-amr-projects-V1/src/amr-main-pkg/src/simulmain/simul_main.cpp:42:39:[m[K [01;31m[Kerror: [m[Kâ€˜[01m[KDesty[m[Kâ€™ was not declared in this scope
   42 |         Astar.Mapmatrix[Destx[count]][[01;31m[KDesty[m[K[count]] = 0;
      |                                       [01;31m[K^~~~~[m[K
[01m[K/home/sangjun/camel-amr-projects-V1/src/amr-main-pkg/src/simulmain/simul_main.cpp:55:56:[m[K [01;31m[Kerror: [m[Kâ€˜[01m[Kgrid[m[Kâ€™ was not declared in this scope
   55 |     control_star_position(star_position(int((xpos+10)*([01;31m[Kgrid[m[K/20)), int((ypos+10)*(grid/20))));
      |                                                        [01;31m[K^~~~[m[K
[01m[K/home/sangjun/camel-amr-projects-V1/src/amr-main-pkg/src/simulmain/simul_main.cpp:35:59:[m[K [01;35m[Kwarning: [m[Kunused parameter â€˜[01m[Kmsg[m[Kâ€™ [[01;35m[K-Wunused-parameter[m[K]
   35 | void ParkingNode::sub_callback([01;35m[Kconst LaserScan::SharedPtr msg[m[K)
      |                                [01;35m[K~~~~~~~~~~~~~~~~~~~~~~~~~~~^~~[m[K
make[2]: *** [CMakeFiles/simulmain.dir/build.make:76: CMakeFiles/simulmain.dir/src/simulmain/simul_main.cpp.o] Error 1
make[1]: *** [CMakeFiles/Makefile2:174: CMakeFiles/simulmain.dir/all] Error 2
make: *** [Makefile:146: all] Error 2
