[0.009s] Invoking command in '/home/sangjun/camel-amr-projects-V1/build/amr-main-pkg': AMENT_PREFIX_PATH=/home/sangjun/camel-amr-projects-V1/install/amr_msg_interfaces CMAKE_PREFIX_PATH=/home/sangjun/camel-amr-projects-V1/install/amr_msg_interfaces:${CMAKE_PREFIX_PATH} LD_LIBRARY_PATH=/home/sangjun/camel-amr-projects-V1/install/amr_msg_interfaces/lib:${LD_LIBRARY_PATH} PYTHONPATH=/home/sangjun/camel-amr-projects-V1/install/amr_msg_interfaces/lib/python3.8/site-packages:${PYTHONPATH} /usr/local/bin/cmake --build /home/sangjun/camel-amr-projects-V1/build/amr-main-pkg -- -j6 -l6
[0.028s] [35m[1mConsolidate compiler generated dependencies of target astar_lib[0m
[0.032s] [ 20%] Built target visualize_lib
[0.032s] [ 40%] Built target dynamicObstacle_lib
[0.033s] [ 50%] [32mBuilding CXX object CMakeFiles/astar_lib.dir/src/astar/Astar.cpp.o[0m
[0.035s] [ 70%] Built target obsDetection_lib
[0.430s] [ 80%] [32m[1mLinking CXX static library libastar_lib.a[0m
[0.440s] [ 80%] Built target astar_lib
[0.448s] [35m[1mConsolidate compiler generated dependencies of target simulmain[0m
[0.460s] [ 90%] [32mBuilding CXX object CMakeFiles/simulmain.dir/src/simulmain/simul_main.cpp.o[0m
[1.608s] [01m[K/home/sangjun/camel-amr-projects-V1/src/amr-main-pkg/src/simulmain/simul_main.cpp:[m[K In member function â€˜[01m[Kvoid ParkingNode::sub_callback(sensor_msgs::msg::LaserScan_<std::allocator<void> >::SharedPtr)[m[Kâ€™:
[1.608s] [01m[K/home/sangjun/camel-amr-projects-V1/src/amr-main-pkg/src/simulmain/simul_main.cpp:37:33:[m[K [01;31m[Kerror: [m[Kâ€˜[01m[KAstar[m[Kâ€™ was not declared in this scope; did you mean â€˜[01m[KxAstar[m[Kâ€™?
[1.608s]    37 |     int xAstar = int((xpos+10)*([01;31m[KAstar[m[K.grid/20));
[1.608s]       |                                 [01;31m[K^~~~~[m[K
[1.609s]       |                                 [32m[KxAstar[m[K
[1.609s] [01m[K/home/sangjun/camel-amr-projects-V1/src/amr-main-pkg/src/simulmain/simul_main.cpp:42:25:[m[K [01;31m[Kerror: [m[Kâ€˜[01m[KDestx[m[Kâ€™ was not declared in this scope
[1.609s]    42 |         Astar.Mapmatrix[[01;31m[KDestx[m[K[count]][Desty[count]] = 0;
[1.609s]       |                         [01;31m[K^~~~~[m[K
[1.610s] [01m[K/home/sangjun/camel-amr-projects-V1/src/amr-main-pkg/src/simulmain/simul_main.cpp:42:39:[m[K [01;31m[Kerror: [m[Kâ€˜[01m[KDesty[m[Kâ€™ was not declared in this scope
[1.610s]    42 |         Astar.Mapmatrix[Destx[count]][[01;31m[KDesty[m[K[count]] = 0;
[1.610s]       |                                       [01;31m[K^~~~~[m[K
[1.610s] [01m[K/home/sangjun/camel-amr-projects-V1/src/amr-main-pkg/src/simulmain/simul_main.cpp:55:56:[m[K [01;31m[Kerror: [m[Kâ€˜[01m[Kgrid[m[Kâ€™ was not declared in this scope
[1.610s]    55 |     control_star_position(star_position(int((xpos+10)*([01;31m[Kgrid[m[K/20)), int((ypos+10)*(grid/20))));
[1.610s]       |                                                        [01;31m[K^~~~[m[K
[1.610s] [01m[K/home/sangjun/camel-amr-projects-V1/src/amr-main-pkg/src/simulmain/simul_main.cpp:35:59:[m[K [01;35m[Kwarning: [m[Kunused parameter â€˜[01m[Kmsg[m[Kâ€™ [[01;35m[K-Wunused-parameter[m[K]
[1.611s]    35 | void ParkingNode::sub_callback([01;35m[Kconst LaserScan::SharedPtr msg[m[K)
[1.611s]       |                                [01;35m[K~~~~~~~~~~~~~~~~~~~~~~~~~~~^~~[m[K
[3.214s] make[2]: *** [CMakeFiles/simulmain.dir/build.make:76: CMakeFiles/simulmain.dir/src/simulmain/simul_main.cpp.o] Error 1
[3.215s] make[1]: *** [CMakeFiles/Makefile2:174: CMakeFiles/simulmain.dir/all] Error 2
[3.215s] make: *** [Makefile:146: all] Error 2
[3.216s] Invoked command in '/home/sangjun/camel-amr-projects-V1/build/amr-main-pkg' returned '2': AMENT_PREFIX_PATH=/home/sangjun/camel-amr-projects-V1/install/amr_msg_interfaces CMAKE_PREFIX_PATH=/home/sangjun/camel-amr-projects-V1/install/amr_msg_interfaces:${CMAKE_PREFIX_PATH} LD_LIBRARY_PATH=/home/sangjun/camel-amr-projects-V1/install/amr_msg_interfaces/lib:${LD_LIBRARY_PATH} PYTHONPATH=/home/sangjun/camel-amr-projects-V1/install/amr_msg_interfaces/lib/python3.8/site-packages:${PYTHONPATH} /usr/local/bin/cmake --build /home/sangjun/camel-amr-projects-V1/build/amr-main-pkg -- -j6 -l6
