[0.011s] Invoking command in '/home/sangjun/camel-amr-projects-V1/build/amr-main-pkg': CMAKE_PREFIX_PATH=/home/sangjun/camel-amr-projects-V1/install/amr_msg_interfaces:/home/sangjun/ros2_test_ws/install/test:/home/sangjun/camel-amr-projects-V1/install/amr-main-pkg:/home/sangjun/camel-amr-projects-V1/install/amr-obstacle-pkg:/home/sangjun/camel-amr-projects-V1/install/amr-gazebo-pkg:/opt/ros/foxy:/home/sangjun/catkin_ws/devel:/opt/ros/noetic /usr/local/bin/cmake --build /home/sangjun/camel-amr-projects-V1/build/amr-main-pkg -- -j6 -l6
[0.036s] [35m[1mConsolidate compiler generated dependencies of target astar_lib[0m
[0.037s] [35m[1mConsolidate compiler generated dependencies of target visualize_lib[0m
[0.037s] [35m[1mConsolidate compiler generated dependencies of target dynamicObstacle_lib[0m
[0.044s] [35m[1mConsolidate compiler generated dependencies of target obsDetection_lib[0m
[0.046s] [ 20%] Built target visualize_lib
[0.047s] [ 40%] Built target astar_lib
[0.052s] [ 60%] Built target dynamicObstacle_lib
[0.052s] [ 80%] Built target obsDetection_lib
[0.061s] [35m[1mConsolidate compiler generated dependencies of target simulmain[0m
[0.074s] [ 90%] [32mBuilding CXX object CMakeFiles/simulmain.dir/src/simulmain/simul_main.cpp.o[0m
[1.240s] In file included from [01m[K/home/sangjun/camel-amr-projects-V1/src/amr-main-pkg/src/simulmain/simul_main.cpp:4[m[K:
[1.240s] [01m[K/home/sangjun/camel-amr-projects-V1/src/amr-main-pkg/include/simulmain/simul_main.hpp:45:25:[m[K [01;31m[Kerror: [m[Kâ€˜[01m[Knum_obs[m[Kâ€™ was not declared in this scope
[1.240s]    45 |     DynamicObstacle obs[[01;31m[Knum_obs[m[K];
[1.240s]       |                         [01;31m[K^~~~~~~[m[K
[1.246s] [01m[K/home/sangjun/camel-amr-projects-V1/src/amr-main-pkg/src/simulmain/simul_main.cpp:[m[K In constructor â€˜[01m[KParkingNode::ParkingNode()[m[Kâ€™:
[1.246s] [01m[K/home/sangjun/camel-amr-projects-V1/src/amr-main-pkg/src/simulmain/simul_main.cpp:25:9:[m[K [01;31m[Kerror: [m[Kâ€˜[01m[Kobs[m[Kâ€™ was not declared in this scope; did you mean â€˜[01m[Kabs[m[Kâ€™?
[1.246s]    25 |         [01;31m[Kobs[m[K[i].Initialize();
[1.246s]       |         [01;31m[K^~~[m[K
[1.247s]       |         [32m[Kabs[m[K
[1.259s] [01m[K/home/sangjun/camel-amr-projects-V1/src/amr-main-pkg/src/simulmain/simul_main.cpp:[m[K In member function â€˜[01m[Kvoid ParkingNode::sub_callback(sensor_msgs::msg::LaserScan_<std::allocator<void> >::SharedPtr)[m[Kâ€™:
[1.259s] [01m[K/home/sangjun/camel-amr-projects-V1/src/amr-main-pkg/src/simulmain/simul_main.cpp:50:9:[m[K [01;31m[Kerror: [m[Kâ€˜[01m[Kobs[m[Kâ€™ was not declared in this scope; did you mean â€˜[01m[Kabs[m[Kâ€™?
[1.259s]    50 |         [01;31m[Kobs[m[K[i].UpdateObstacle(map, mapsize); // update each obstacle's path -> moving
[1.260s]       |         [01;31m[K^~~[m[K
[1.260s]       |         [32m[Kabs[m[K
[1.260s] [01m[K/home/sangjun/camel-amr-projects-V1/src/amr-main-pkg/src/simulmain/simul_main.cpp:45:59:[m[K [01;35m[Kwarning: [m[Kunused parameter â€˜[01m[Kmsg[m[Kâ€™ [[01;35m[K-Wunused-parameter[m[K]
[1.260s]    45 | void ParkingNode::sub_callback([01;35m[Kconst LaserScan::SharedPtr msg[m[K)
[1.260s]       |                                [01;35m[K~~~~~~~~~~~~~~~~~~~~~~~~~~~^~~[m[K
[2.368s] make[2]: *** [CMakeFiles/simulmain.dir/build.make:76: CMakeFiles/simulmain.dir/src/simulmain/simul_main.cpp.o] Error 1
[2.368s] make[1]: *** [CMakeFiles/Makefile2:174: CMakeFiles/simulmain.dir/all] Error 2
[2.369s] make: *** [Makefile:146: all] Error 2
[2.370s] Invoked command in '/home/sangjun/camel-amr-projects-V1/build/amr-main-pkg' returned '2': CMAKE_PREFIX_PATH=/home/sangjun/camel-amr-projects-V1/install/amr_msg_interfaces:/home/sangjun/ros2_test_ws/install/test:/home/sangjun/camel-amr-projects-V1/install/amr-main-pkg:/home/sangjun/camel-amr-projects-V1/install/amr-obstacle-pkg:/home/sangjun/camel-amr-projects-V1/install/amr-gazebo-pkg:/opt/ros/foxy:/home/sangjun/catkin_ws/devel:/opt/ros/noetic /usr/local/bin/cmake --build /home/sangjun/camel-amr-projects-V1/build/amr-main-pkg -- -j6 -l6
