[0.008s] Invoking command in '/home/dongju/camel-amr-projects/build/amr-main-pkg': AMENT_PREFIX_PATH=/home/dongju/camel-amr-projects/install/amr_msg_interfaces CMAKE_PREFIX_PATH=/home/dongju/camel-amr-projects/install/amr_msg_interfaces LD_LIBRARY_PATH=/home/dongju/camel-amr-projects/install/amr_msg_interfaces/lib${LD_LIBRARY_PATH} PYTHONPATH=/home/dongju/camel-amr-projects/install/amr_msg_interfaces/lib/python3.8/site-packages${PYTHONPATH} /usr/local/bin/cmake --build /home/dongju/camel-amr-projects/build/amr-main-pkg -- -j10 -l10
[0.018s] -- Found ament_cmake: 0.9.12 (/opt/ros/foxy/share/ament_cmake/cmake)
[0.034s] -- Using PYTHON_EXECUTABLE: /usr/bin/python3
[0.148s] Traceback (most recent call last):
[0.148s]   File "/opt/ros/foxy/share/ament_cmake_core/cmake/package_templates/templates_2_cmake.py", line 21, in <module>
[0.148s]     from ament_package.templates import get_environment_hook_template_path
[0.148s] ModuleNotFoundError: No module named 'ament_package'
[0.160s] [31mCMake Error at /opt/ros/foxy/share/ament_cmake_core/cmake/ament_cmake_package_templates-extras.cmake:41 (message):
[0.160s]   execute_process(/usr/bin/python3
[0.161s]   /opt/ros/foxy/share/ament_cmake_core/cmake/package_templates/templates_2_cmake.py
[0.161s]   /home/dongju/camel-amr-projects/build/amr-main-pkg/ament_cmake_package_templates/templates.cmake)
[0.161s]   returned error code 1
[0.161s] Call Stack (most recent call first):
[0.161s]   /opt/ros/foxy/share/ament_cmake_core/cmake/ament_cmake_coreConfig.cmake:41 (include)
[0.161s]   /opt/ros/foxy/share/ament_cmake/cmake/ament_cmake_export_dependencies-extras.cmake:15 (find_package)
[0.161s]   /opt/ros/foxy/share/ament_cmake/cmake/ament_cmakeConfig.cmake:41 (include)
[0.161s]   CMakeLists.txt:29 (find_package)
[0.161s] 
[0.161s] [0m
[0.161s] -- Configuring incomplete, errors occurred!
[0.161s] make: *** [Makefile:635: cmake_check_build_system] Error 1
