[  3%] [34m[1mAutomatic MOC and UIC for target dynamicObstacle_lib[0m
[  7%] [34m[1mAutomatic MOC and UIC for target obsDetection_lib[0m
[ 11%] [34m[1mAutomatic MOC and UIC for target astar_lib[0m
[ 15%] [34m[1mAutomatic MOC and UIC for target visualize_lib[0m
[ 19%] [34m[1mAutomatic MOC and UIC for target clusteringDynamicObs_lib[0m
[ 19%] Built target dynamicObstacle_lib_autogen
[ 19%] Built target astar_lib_autogen
[ 19%] Built target visualize_lib_autogen
[ 19%] Built target obsDetection_lib_autogen
[ 19%] Built target clusteringDynamicObs_lib_autogen
[ 30%] Built target dynamicObstacle_lib
[ 42%] Built target astar_lib
[ 53%] Built target visualize_lib
[ 65%] Built target obsDetection_lib
[ 76%] Built target clusteringDynamicObs_lib
[ 80%] [34m[1mAutomatic MOC and UIC for target simulmain[0m
[ 80%] Built target simulmain_autogen
[35m[1mConsolidate compiler generated dependencies of target simulmain[0m
[ 84%] [32mBuilding CXX object CMakeFiles/simulmain.dir/src/simulmain/mainwindow.cpp.o[0m
In file included from [01m[K/home/sangjun/camel-amr-projects-UI/src/amr-main-pkg/src/simulmain/mainwindow.cpp:2[m[K:
[01m[K/home/sangjun/camel-amr-projects-UI/src/amr-main-pkg/src/simulmain/ui_mainwindow.h:29:5:[m[K [01;31m[Kerror: [m[Kâ€˜[01m[KQGroupBox[m[Kâ€™ does not name a type
   29 |     [01;31m[KQGroupBox[m[K *groupBox_Info;
      |     [01;31m[K^~~~~~~~~[m[K
[01m[K/home/sangjun/camel-amr-projects-UI/src/amr-main-pkg/src/simulmain/ui_mainwindow.h:30:5:[m[K [01;31m[Kerror: [m[Kâ€˜[01m[KQLabel[m[Kâ€™ does not name a type
   30 |     [01;31m[KQLabel[m[K *DistanceInfo;
      |     [01;31m[K^~~~~~[m[K
[01m[K/home/sangjun/camel-amr-projects-UI/src/amr-main-pkg/src/simulmain/ui_mainwindow.h:[m[K In member function â€˜[01m[Kvoid Ui_MainWindow::setupUi(QMainWindow*)[m[Kâ€™:
[01m[K/home/sangjun/camel-amr-projects-UI/src/amr-main-pkg/src/simulmain/ui_mainwindow.h:40:9:[m[K [01;31m[Kerror: [m[Kâ€˜[01m[KgroupBox_Info[m[Kâ€™ was not declared in this scope
   40 |         [01;31m[KgroupBox_Info[m[K = new QGroupBox(centralwidget);
      |         [01;31m[K^~~~~~~~~~~~~[m[K
[01m[K/home/sangjun/camel-amr-projects-UI/src/amr-main-pkg/src/simulmain/ui_mainwindow.h:40:29:[m[K [01;31m[Kerror: [m[Kexpected type-specifier before â€˜[01m[KQGroupBox[m[Kâ€™
   40 |         groupBox_Info = new [01;31m[KQGroupBox[m[K(centralwidget);
      |                             [01;31m[K^~~~~~~~~[m[K
[01m[K/home/sangjun/camel-amr-projects-UI/src/amr-main-pkg/src/simulmain/ui_mainwindow.h:43:9:[m[K [01;31m[Kerror: [m[Kâ€˜[01m[KDistanceInfo[m[Kâ€™ was not declared in this scope
   43 |         [01;31m[KDistanceInfo[m[K = new QLabel(groupBox_Info);
      |         [01;31m[K^~~~~~~~~~~~[m[K
[01m[K/home/sangjun/camel-amr-projects-UI/src/amr-main-pkg/src/simulmain/ui_mainwindow.h:43:28:[m[K [01;31m[Kerror: [m[Kexpected type-specifier before â€˜[01m[KQLabel[m[Kâ€™
   43 |         DistanceInfo = new [01;31m[KQLabel[m[K(groupBox_Info);
      |                            [01;31m[K^~~~~~[m[K
[01m[K/home/sangjun/camel-amr-projects-UI/src/amr-main-pkg/src/simulmain/ui_mainwindow.h:46:31:[m[K [01;31m[Kerror: [m[Kâ€˜[01m[Kfont1[m[Kâ€™ was not declared in this scope
   46 |         DistanceInfo->setFont([01;31m[Kfont1[m[K);
      |                               [01;31m[K^~~~~[m[K
[01m[K/home/sangjun/camel-amr-projects-UI/src/amr-main-pkg/src/simulmain/ui_mainwindow.h:[m[K In member function â€˜[01m[Kvoid Ui_MainWindow::retranslateUi(QMainWindow*)[m[Kâ€™:
[01m[K/home/sangjun/camel-amr-projects-UI/src/amr-main-pkg/src/simulmain/ui_mainwindow.h:57:9:[m[K [01;31m[Kerror: [m[Kâ€˜[01m[KgroupBox_Info[m[Kâ€™ was not declared in this scope
   57 |         [01;31m[KgroupBox_Info[m[K->setTitle(QApplication::translate("MainWindow", "INFO", nullptr));
      |         [01;31m[K^~~~~~~~~~~~~[m[K
make[2]: *** [CMakeFiles/simulmain.dir/build.make:118: CMakeFiles/simulmain.dir/src/simulmain/mainwindow.cpp.o] Error 1
make[1]: *** [CMakeFiles/Makefile2:184: CMakeFiles/simulmain.dir/all] Error 2
make: *** [Makefile:146: all] Error 2
