[0.015s] Invoking command in '/home/sangjun/camel-amr-projects-UI/build/amr-main-pkg': CMAKE_PREFIX_PATH=/home/sangjun/camel-amr-projects-UI/install/amr_msg_interfaces:/home/sangjun/camel-amr-projects-UI/install/amr-main-pkg:/home/sangjun/camel-amr-projects-UI/install/amr-obstacle-pkg:/home/sangjun/camel-amr-projects-UI/install/amr-gazebo-pkg:/opt/ros/foxy:/home/sangjun/catkin_ws/devel:/opt/ros/noetic /usr/local/bin/cmake --build /home/sangjun/camel-amr-projects-UI/build/amr-main-pkg -- -j6 -l6
[0.038s] [  3%] [34m[1mAutomatic MOC and UIC for target dynamicObstacle_lib[0m
[0.038s] [  7%] [34m[1mAutomatic MOC and UIC for target obsDetection_lib[0m
[0.039s] [ 11%] [34m[1mAutomatic MOC and UIC for target astar_lib[0m
[0.039s] [ 15%] [34m[1mAutomatic MOC and UIC for target visualize_lib[0m
[0.041s] [ 19%] [34m[1mAutomatic MOC and UIC for target clusteringDynamicObs_lib[0m
[0.046s] [ 19%] Built target dynamicObstacle_lib_autogen
[0.046s] [ 19%] Built target astar_lib_autogen
[0.050s] [ 19%] Built target visualize_lib_autogen
[0.050s] [ 19%] Built target obsDetection_lib_autogen
[0.054s] [ 19%] Built target clusteringDynamicObs_lib_autogen
[0.054s] [ 30%] Built target dynamicObstacle_lib
[0.055s] [ 42%] Built target astar_lib
[0.058s] [ 53%] Built target visualize_lib
[0.059s] [ 65%] Built target obsDetection_lib
[0.062s] [ 76%] Built target clusteringDynamicObs_lib
[0.070s] [ 80%] [34m[1mAutomatic MOC and UIC for target simulmain[0m
[0.079s] [ 80%] Built target simulmain_autogen
[0.089s] [35m[1mConsolidate compiler generated dependencies of target simulmain[0m
[0.106s] [ 84%] [32mBuilding CXX object CMakeFiles/simulmain.dir/src/simulmain/mainwindow.cpp.o[0m
[0.790s] In file included from [01m[K/home/sangjun/camel-amr-projects-UI/src/amr-main-pkg/src/simulmain/mainwindow.cpp:2[m[K:
[0.790s] [01m[K/home/sangjun/camel-amr-projects-UI/src/amr-main-pkg/src/simulmain/ui_mainwindow.h:29:5:[m[K [01;31m[Kerror: [m[Kâ€˜[01m[KQGroupBox[m[Kâ€™ does not name a type
[0.790s]    29 |     [01;31m[KQGroupBox[m[K *groupBox_Info;
[0.790s]       |     [01;31m[K^~~~~~~~~[m[K
[0.790s] [01m[K/home/sangjun/camel-amr-projects-UI/src/amr-main-pkg/src/simulmain/ui_mainwindow.h:30:5:[m[K [01;31m[Kerror: [m[Kâ€˜[01m[KQLabel[m[Kâ€™ does not name a type
[0.790s]    30 |     [01;31m[KQLabel[m[K *DistanceInfo;
[0.790s]       |     [01;31m[K^~~~~~[m[K
[0.793s] [01m[K/home/sangjun/camel-amr-projects-UI/src/amr-main-pkg/src/simulmain/ui_mainwindow.h:[m[K In member function â€˜[01m[Kvoid Ui_MainWindow::setupUi(QMainWindow*)[m[Kâ€™:
[0.794s] [01m[K/home/sangjun/camel-amr-projects-UI/src/amr-main-pkg/src/simulmain/ui_mainwindow.h:40:9:[m[K [01;31m[Kerror: [m[Kâ€˜[01m[KgroupBox_Info[m[Kâ€™ was not declared in this scope
[0.794s]    40 |         [01;31m[KgroupBox_Info[m[K = new QGroupBox(centralwidget);
[0.794s]       |         [01;31m[K^~~~~~~~~~~~~[m[K
[0.794s] [01m[K/home/sangjun/camel-amr-projects-UI/src/amr-main-pkg/src/simulmain/ui_mainwindow.h:40:29:[m[K [01;31m[Kerror: [m[Kexpected type-specifier before â€˜[01m[KQGroupBox[m[Kâ€™
[0.794s]    40 |         groupBox_Info = new [01;31m[KQGroupBox[m[K(centralwidget);
[0.794s]       |                             [01;31m[K^~~~~~~~~[m[K
[0.796s] [01m[K/home/sangjun/camel-amr-projects-UI/src/amr-main-pkg/src/simulmain/ui_mainwindow.h:43:9:[m[K [01;31m[Kerror: [m[Kâ€˜[01m[KDistanceInfo[m[Kâ€™ was not declared in this scope
[0.796s]    43 |         [01;31m[KDistanceInfo[m[K = new QLabel(groupBox_Info);
[0.796s]       |         [01;31m[K^~~~~~~~~~~~[m[K
[0.796s] [01m[K/home/sangjun/camel-amr-projects-UI/src/amr-main-pkg/src/simulmain/ui_mainwindow.h:43:28:[m[K [01;31m[Kerror: [m[Kexpected type-specifier before â€˜[01m[KQLabel[m[Kâ€™
[0.796s]    43 |         DistanceInfo = new [01;31m[KQLabel[m[K(groupBox_Info);
[0.796s]       |                            [01;31m[K^~~~~~[m[K
[0.797s] [01m[K/home/sangjun/camel-amr-projects-UI/src/amr-main-pkg/src/simulmain/ui_mainwindow.h:46:31:[m[K [01;31m[Kerror: [m[Kâ€˜[01m[Kfont1[m[Kâ€™ was not declared in this scope
[0.797s]    46 |         DistanceInfo->setFont([01;31m[Kfont1[m[K);
[0.797s]       |                               [01;31m[K^~~~~[m[K
[0.799s] [01m[K/home/sangjun/camel-amr-projects-UI/src/amr-main-pkg/src/simulmain/ui_mainwindow.h:[m[K In member function â€˜[01m[Kvoid Ui_MainWindow::retranslateUi(QMainWindow*)[m[Kâ€™:
[0.799s] [01m[K/home/sangjun/camel-amr-projects-UI/src/amr-main-pkg/src/simulmain/ui_mainwindow.h:57:9:[m[K [01;31m[Kerror: [m[Kâ€˜[01m[KgroupBox_Info[m[Kâ€™ was not declared in this scope
[0.799s]    57 |         [01;31m[KgroupBox_Info[m[K->setTitle(QApplication::translate("MainWindow", "INFO", nullptr));
[0.799s]       |         [01;31m[K^~~~~~~~~~~~~[m[K
[0.896s] make[2]: *** [CMakeFiles/simulmain.dir/build.make:118: CMakeFiles/simulmain.dir/src/simulmain/mainwindow.cpp.o] Error 1
[0.896s] make[1]: *** [CMakeFiles/Makefile2:184: CMakeFiles/simulmain.dir/all] Error 2
[0.897s] make: *** [Makefile:146: all] Error 2
[0.898s] Invoked command in '/home/sangjun/camel-amr-projects-UI/build/amr-main-pkg' returned '2': CMAKE_PREFIX_PATH=/home/sangjun/camel-amr-projects-UI/install/amr_msg_interfaces:/home/sangjun/camel-amr-projects-UI/install/amr-main-pkg:/home/sangjun/camel-amr-projects-UI/install/amr-obstacle-pkg:/home/sangjun/camel-amr-projects-UI/install/amr-gazebo-pkg:/opt/ros/foxy:/home/sangjun/catkin_ws/devel:/opt/ros/noetic /usr/local/bin/cmake --build /home/sangjun/camel-amr-projects-UI/build/amr-main-pkg -- -j6 -l6
