[ 40%] Built target visualize_lib
[ 40%] Built target obsDetection_lib
[ 60%] Built target astar_lib
[ 80%] Built target dynamicObstacle_lib
[35m[1mConsolidate compiler generated dependencies of target simulmain[0m
[ 90%] [32mBuilding CXX object CMakeFiles/simulmain.dir/src/simulmain/simul_main.cpp.o[0m
[01m[K/home/sangjun/camel-amr-projects-V1/src/amr-main-pkg/src/simulmain/simul_main.cpp:[m[K In member function â€˜[01m[Kvoid ParkingNode::sub_callback(sensor_msgs::msg::LaserScan_<std::allocator<void> >::SharedPtr)[m[Kâ€™:
[01m[K/home/sangjun/camel-amr-projects-V1/src/amr-main-pkg/src/simulmain/simul_main.cpp:54:20:[m[K [01;35m[Kwarning: [m[Kvariable â€˜[01m[Knext_pos[m[Kâ€™ set but not used [[01;35m[K-Wunused-but-set-variable[m[K]
   54 |         coordinate [01;35m[Knext_pos[m[K = traj.top();
      |                    [01;35m[K^~~~~~~~[m[K
[01m[K/home/sangjun/camel-amr-projects-V1/src/amr-main-pkg/src/simulmain/simul_main.cpp:60:40:[m[K [01;31m[Kerror: [m[Kâ€˜[01m[Knext_pos[m[Kâ€™ was not declared in this scope
   60 |     pO_D->loadRobotStatus(present_pos, [01;31m[Knext_pos[m[K);
      |                                        [01;31m[K^~~~~~~~[m[K
[01m[K/home/sangjun/camel-amr-projects-V1/src/amr-main-pkg/src/simulmain/simul_main.cpp:36:59:[m[K [01;35m[Kwarning: [m[Kunused parameter â€˜[01m[Kmsg[m[Kâ€™ [[01;35m[K-Wunused-parameter[m[K]
   36 | void ParkingNode::sub_callback([01;35m[Kconst LaserScan::SharedPtr msg[m[K)
      |                                [01;35m[K~~~~~~~~~~~~~~~~~~~~~~~~~~~^~~[m[K
make[2]: *** [CMakeFiles/simulmain.dir/build.make:76: CMakeFiles/simulmain.dir/src/simulmain/simul_main.cpp.o] Error 1
make[1]: *** [CMakeFiles/Makefile2:174: CMakeFiles/simulmain.dir/all] Error 2
make: *** [Makefile:146: all] Error 2
