In file included from [01m[K/home/sangjun/camel-amr-projects-UI/src/amr-main-pkg/src/simulmain/mainwindow.cpp:2[m[K:
[01m[K/home/sangjun/camel-amr-projects-UI/src/amr-main-pkg/src/simulmain/ui_mainwindow.h:[m[K In member function â€˜[01m[Kvoid Ui_MainWindow::retranslateUi(QMainWindow*)[m[Kâ€™:
[01m[K/home/sangjun/camel-amr-projects-UI/src/amr-main-pkg/src/simulmain/ui_mainwindow.h:76:9:[m[K [01;31m[Kerror: [m[Kâ€˜[01m[KpushButton[m[Kâ€™ was not declared in this scope; did you mean â€˜[01m[KQPushButton[m[Kâ€™?
   76 |         [01;31m[KpushButton[m[K->setText(QApplication::translate("MainWindow", "Chsafdasfeck", nullptr));
      |         [01;31m[K^~~~~~~~~~[m[K
      |         [32m[KQPushButton[m[K
make[2]: *** [CMakeFiles/simulmain.dir/build.make:118: CMakeFiles/simulmain.dir/src/simulmain/mainwindow.cpp.o] Error 1
make[1]: *** [CMakeFiles/Makefile2:184: CMakeFiles/simulmain.dir/all] Error 2
make: *** [Makefile:146: all] Error 2
