[  3%] [34m[1mAutomatic MOC and UIC for target astar_lib[0m
[  7%] [34m[1mAutomatic MOC and UIC for target clusteringDynamicObs_lib[0m
[ 11%] [34m[1mAutomatic MOC and UIC for target visualize_lib[0m
[ 15%] [34m[1mAutomatic MOC and UIC for target dynamicObstacle_lib[0m
[ 19%] [34m[1mAutomatic MOC and UIC for target obsDetection_lib[0m
[ 19%] Built target dynamicObstacle_lib_autogen
[ 19%] Built target astar_lib_autogen
[ 19%] Built target obsDetection_lib_autogen
[ 19%] Built target visualize_lib_autogen
[ 19%] Built target clusteringDynamicObs_lib_autogen
[ 30%] Built target visualize_lib
[ 42%] Built target obsDetection_lib
[ 53%] Built target astar_lib
[ 65%] Built target dynamicObstacle_lib
[ 76%] Built target clusteringDynamicObs_lib
[ 80%] [34m[1mAutomatic MOC and UIC for target simulmain[0m
[ 80%] Built target simulmain_autogen
[35m[1mConsolidate compiler generated dependencies of target simulmain[0m
[ 84%] [32mBuilding CXX object CMakeFiles/simulmain.dir/src/simulmain/mainwindow.cpp.o[0m
In file included from [01m[K/home/sangjun/camel-amr-projects-UI/src/amr-main-pkg/src/simulmain/mainwindow.cpp:2[m[K:
[01m[K/home/sangjun/camel-amr-projects-UI/src/amr-main-pkg/src/simulmain/ui_mainwindow.h:[m[K In member function â€˜[01m[Kvoid Ui_MainWindow::retranslateUi(QMainWindow*)[m[Kâ€™:
[01m[K/home/sangjun/camel-amr-projects-UI/src/amr-main-pkg/src/simulmain/ui_mainwindow.h:76:9:[m[K [01;31m[Kerror: [m[Kâ€˜[01m[KpushButton[m[Kâ€™ was not declared in this scope; did you mean â€˜[01m[KQPushButton[m[Kâ€™?
   76 |         [01;31m[KpushButton[m[K->setText(QApplication::translate("MainWindow", "Chsafdasfeck", nullptr));
      |         [01;31m[K^~~~~~~~~~[m[K
      |         [32m[KQPushButton[m[K
make[2]: *** [CMakeFiles/simulmain.dir/build.make:118: CMakeFiles/simulmain.dir/src/simulmain/mainwindow.cpp.o] Error 1
make[1]: *** [CMakeFiles/Makefile2:184: CMakeFiles/simulmain.dir/all] Error 2
make: *** [Makefile:146: all] Error 2
