[0.020s] Invoking command in '/home/sangjun/camel-amr-projects-V1/build/amr-main-pkg': CMAKE_PREFIX_PATH=/home/sangjun/camel-amr-projects-V1/install/amr_msg_interfaces:/home/sangjun/ros2_test_ws/install/test:/home/sangjun/camel-amr-projects-V1/install/amr-main-pkg:/home/sangjun/camel-amr-projects-V1/install/amr-obstacle-pkg:/home/sangjun/camel-amr-projects-V1/install/amr-gazebo-pkg:/opt/ros/foxy:/home/sangjun/catkin_ws/devel:/opt/ros/noetic /usr/local/bin/cmake --build /home/sangjun/camel-amr-projects-V1/build/amr-main-pkg -- -j6 -l6
[0.042s] [ 10%] [32mBuilding CXX object CMakeFiles/dynamicObstacle_lib.dir/src/DynamicObstacle/DynamicObstacle.cpp.o[0m
[0.045s] [ 20%] [32mBuilding CXX object CMakeFiles/astar_lib.dir/src/astar/Astar.cpp.o[0m
[0.045s] [ 30%] [32mBuilding CXX object CMakeFiles/visualize_lib.dir/src/Visualize/Map_In_Out.cpp.o[0m
[0.047s] [ 40%] [32mBuilding CXX object CMakeFiles/obsDetection_lib.dir/src/ObsDetection/ObsDetection.cpp.o[0m
[0.239s] [ 50%] [32m[1mLinking CXX static library libdynamicObstacle_lib.a[0m
[0.251s] [ 50%] Built target dynamicObstacle_lib
[0.275s] [01m[K/home/sangjun/camel-amr-projects-V1/src/amr-main-pkg/src/Visualize/Map_In_Out.cpp:[m[K In member function â€˜[01m[Kvoid Map_In_Out::Map_Input(coordinate&, coordinate&, coordinate&, int (*)[100])[m[Kâ€™:
[0.275s] [01m[K/home/sangjun/camel-amr-projects-V1/src/amr-main-pkg/src/Visualize/Map_In_Out.cpp:8:88:[m[K [01;35m[Kwarning: [m[Kunused parameter â€˜[01m[Kmap[m[Kâ€™ [[01;35m[K-Wunused-parameter[m[K]
[0.275s]     8 | void Map_In_Out::Map_Input(coordinate &start, coordinate &end,coordinate& mapsize, [01;35m[Kint map[][100][m[K){
[0.275s]       |                                                                                    [01;35m[K~~~~^~~~~~~~~~[m[K
[0.292s] [01m[K/home/sangjun/camel-amr-projects-V1/src/amr-main-pkg/src/astar/Astar.cpp:[m[K In member function â€˜[01m[Kstd::stack<std::pair<int, int> > Astar_planning::Astar(coordinate&, coordinate&, coordinate&, int (*)[100])[m[Kâ€™:
[0.292s] [01m[K/home/sangjun/camel-amr-projects-V1/src/amr-main-pkg/src/astar/Astar.cpp:40:10:[m[K [01;35m[Kwarning: [m[KISO C++ forbids variable length array â€˜[01m[KclosedList[m[Kâ€™ [[01;35m[K-Wvla[m[K]
[0.292s]    40 |     bool [01;35m[KclosedList[m[K[row][column];
[0.292s]       |          [01;35m[K^~~~~~~~~~[m[K
[0.292s] [01m[K/home/sangjun/camel-amr-projects-V1/src/amr-main-pkg/src/astar/Astar.cpp:40:10:[m[K [01;35m[Kwarning: [m[KISO C++ forbids variable length array â€˜[01m[KclosedList[m[Kâ€™ [[01;35m[K-Wvla[m[K]
[0.346s] [ 60%] [32m[1mLinking CXX static library libvisualize_lib.a[0m
[0.350s] [01m[K/home/sangjun/camel-amr-projects-V1/src/amr-main-pkg/src/astar/Astar.cpp:93:1:[m[K [01;35m[Kwarning: [m[Kcontrol reaches end of non-void function [[01;35m[K-Wreturn-type[m[K]
[0.350s]    93 | [01;35m[K}[m[K
[0.350s]       | [01;35m[K^[m[K
[0.359s] [ 60%] Built target visualize_lib
[0.417s] [ 70%] [32m[1mLinking CXX static library libobsDetection_lib.a[0m
[0.429s] [ 70%] Built target obsDetection_lib
[0.441s] [ 80%] [32m[1mLinking CXX static library libastar_lib.a[0m
[0.454s] [ 80%] Built target astar_lib
[0.462s] [35m[1mConsolidate compiler generated dependencies of target simulmain[0m
[0.472s] [ 90%] [32mBuilding CXX object CMakeFiles/simulmain.dir/src/simulmain/simul_main.cpp.o[0m
[1.645s] In file included from [01m[K/home/sangjun/camel-amr-projects-V1/src/amr-main-pkg/src/simulmain/simul_main.cpp:4[m[K:
[1.645s] [01m[K/home/sangjun/camel-amr-projects-V1/src/amr-main-pkg/include/simulmain/simul_main.hpp:49:9:[m[K [01;31m[Kerror: [m[Kdeclaration of â€˜[01m[Kint ParkingNode::num_obs[m[Kâ€™ changes meaning of â€˜[01m[Knum_obs[m[Kâ€™ [[01;31m[K-fpermissive[m[K]
[1.645s]    49 |     int [01;31m[Knum_obs[m[K;
[1.645s]       |         [01;31m[K^~~~~~~[m[K
[1.645s] [01m[K/home/sangjun/camel-amr-projects-V1/src/amr-main-pkg/include/simulmain/simul_main.hpp:30:11:[m[K [01;36m[Knote: [m[Kâ€˜[01m[Knum_obs[m[Kâ€™ declared here as â€˜[01m[Kconst int num_obs[m[Kâ€™
[1.645s]    30 | const int [01;36m[Knum_obs[m[K = 5; // number of moving obstacle
[1.645s]       |           [01;36m[K^~~~~~~[m[K
[1.662s] [01m[K/home/sangjun/camel-amr-projects-V1/src/amr-main-pkg/src/simulmain/simul_main.cpp:[m[K In member function â€˜[01m[Kvoid ParkingNode::sub_callback(sensor_msgs::msg::LaserScan_<std::allocator<void> >::SharedPtr)[m[Kâ€™:
[1.662s] [01m[K/home/sangjun/camel-amr-projects-V1/src/amr-main-pkg/src/simulmain/simul_main.cpp:45:59:[m[K [01;35m[Kwarning: [m[Kunused parameter â€˜[01m[Kmsg[m[Kâ€™ [[01;35m[K-Wunused-parameter[m[K]
[1.662s]    45 | void ParkingNode::sub_callback([01;35m[Kconst LaserScan::SharedPtr msg[m[K)
[1.663s]       |                                [01;35m[K~~~~~~~~~~~~~~~~~~~~~~~~~~~^~~[m[K
[2.756s] make[2]: *** [CMakeFiles/simulmain.dir/build.make:76: CMakeFiles/simulmain.dir/src/simulmain/simul_main.cpp.o] Error 1
[2.756s] make[1]: *** [CMakeFiles/Makefile2:174: CMakeFiles/simulmain.dir/all] Error 2
[2.756s] make: *** [Makefile:146: all] Error 2
[2.757s] Invoked command in '/home/sangjun/camel-amr-projects-V1/build/amr-main-pkg' returned '2': CMAKE_PREFIX_PATH=/home/sangjun/camel-amr-projects-V1/install/amr_msg_interfaces:/home/sangjun/ros2_test_ws/install/test:/home/sangjun/camel-amr-projects-V1/install/amr-main-pkg:/home/sangjun/camel-amr-projects-V1/install/amr-obstacle-pkg:/home/sangjun/camel-amr-projects-V1/install/amr-gazebo-pkg:/opt/ros/foxy:/home/sangjun/catkin_ws/devel:/opt/ros/noetic /usr/local/bin/cmake --build /home/sangjun/camel-amr-projects-V1/build/amr-main-pkg -- -j6 -l6
