[35m[1mConsolidate compiler generated dependencies of target astar_lib[0m
[ 10%] [32mBuilding CXX object CMakeFiles/astar_lib.dir/src/astar/Astar.cpp.o[0m
[ 30%] Built target obsDetection_lib
[ 50%] Built target visualize_lib
[ 70%] Built target dynamicObstacle_lib
[ 80%] [32m[1mLinking CXX static library libastar_lib.a[0m
[ 80%] Built target astar_lib
[35m[1mConsolidate compiler generated dependencies of target simulmain[0m
[ 90%] [32mBuilding CXX object CMakeFiles/simulmain.dir/src/simulmain/simul_main.cpp.o[0m
[01m[K/home/sangjun/camel-amr-projects-V1/src/amr-main-pkg/src/simulmain/simul_main.cpp:[m[K In member function â€˜[01m[Kvoid ParkingNode::sub_callback(sensor_msgs::msg::LaserScan_<std::allocator<void> >::SharedPtr)[m[Kâ€™:
[01m[K/home/sangjun/camel-amr-projects-V1/src/amr-main-pkg/src/simulmain/simul_main.cpp:35:59:[m[K [01;35m[Kwarning: [m[Kunused parameter â€˜[01m[Kmsg[m[Kâ€™ [[01;35m[K-Wunused-parameter[m[K]
   35 | void ParkingNode::sub_callback([01;35m[Kconst LaserScan::SharedPtr msg[m[K)
      |                                [01;35m[K~~~~~~~~~~~~~~~~~~~~~~~~~~~^~~[m[K
[100%] [32m[1mLinking CXX executable simulmain[0m
/usr/bin/ld: CMakeFiles/simulmain.dir/src/simulmain/simul_main.cpp.o: in function `ParkingNode::ParkingNode()':
simul_main.cpp:(.text+0xb9b): undefined reference to `Astar_planning::~Astar_planning()'
/usr/bin/ld: CMakeFiles/simulmain.dir/src/simulmain/simul_main.cpp.o: in function `ParkingNode::~ParkingNode()':
simul_main.cpp:(.text+0x13fa): undefined reference to `Astar_planning::~Astar_planning()'
collect2: error: ld returned 1 exit status
make[2]: *** [CMakeFiles/simulmain.dir/build.make:168: simulmain] Error 1
make[1]: *** [CMakeFiles/Makefile2:174: CMakeFiles/simulmain.dir/all] Error 2
make: *** [Makefile:146: all] Error 2
